{"C:\\Users\\adiba\\Documents\\Code_projects\\Volunteering_WebApp\\server\\database.js": {"path":"C:\\Users\\adiba\\Documents\\Code_projects\\Volunteering_WebApp\\server\\database.js","statementMap":{"0":{"start":{"line":2,"column":0},"end":{"line":2,"column":16}},"1":{"start":{"line":8,"column":17},"end":{"line":8,"column":19}},"2":{"start":{"line":10,"column":19},"end":{"line":10,"column":49}},"3":{"start":{"line":11,"column":18},"end":{"line":11,"column":42}},"4":{"start":{"line":13,"column":11},"end":{"line":13,"column":81}},"5":{"start":{"line":14,"column":14},"end":{"line":14,"column":47}},"6":{"start":{"line":16,"column":20},"end":{"line":26,"column":2}},"7":{"start":{"line":28,"column":0},"end":{"line":28,"column":60}},"8":{"start":{"line":28,"column":25},"end":{"line":28,"column":58}},"9":{"start":{"line":29,"column":0},"end":{"line":29,"column":61}},"10":{"start":{"line":29,"column":26},"end":{"line":29,"column":59}},"11":{"start":{"line":31,"column":21},"end":{"line":31,"column":63}},"12":{"start":{"line":31,"column":39},"end":{"line":31,"column":63}},"13":{"start":{"line":32,"column":25},"end":{"line":32,"column":45}},"14":{"start":{"line":32,"column":31},"end":{"line":32,"column":45}},"15":{"start":{"line":34,"column":0},"end":{"line":36,"column":3}},"16":{"start":{"line":35,"column":2},"end":{"line":35,"column":56}},"17":{"start":{"line":35,"column":8},"end":{"line":35,"column":25}},"18":{"start":{"line":35,"column":38},"end":{"line":35,"column":54}}},"fnMap":{"0":{"name":"(anonymous_0)","decl":{"start":{"line":28,"column":19},"end":{"line":28,"column":20}},"loc":{"start":{"line":28,"column":25},"end":{"line":28,"column":58}},"line":28},"1":{"name":"(anonymous_1)","decl":{"start":{"line":29,"column":17},"end":{"line":29,"column":18}},"loc":{"start":{"line":29,"column":26},"end":{"line":29,"column":59}},"line":29},"2":{"name":"(anonymous_2)","decl":{"start":{"line":31,"column":21},"end":{"line":31,"column":22}},"loc":{"start":{"line":31,"column":39},"end":{"line":31,"column":63}},"line":31},"3":{"name":"(anonymous_3)","decl":{"start":{"line":32,"column":25},"end":{"line":32,"column":26}},"loc":{"start":{"line":32,"column":31},"end":{"line":32,"column":45}},"line":32},"4":{"name":"(anonymous_4)","decl":{"start":{"line":34,"column":21},"end":{"line":34,"column":22}},"loc":{"start":{"line":34,"column":33},"end":{"line":36,"column":1}},"line":34}},"branchMap":{"0":{"loc":{"start":{"line":18,"column":17},"end":{"line":18,"column":37}},"type":"binary-expr","locations":[{"start":{"line":18,"column":17},"end":{"line":18,"column":27}},{"start":{"line":18,"column":31},"end":{"line":18,"column":37}}],"line":18}},"s":{"0":5,"1":5,"2":5,"3":5,"4":5,"5":5,"6":5,"7":5,"8":0,"9":5,"10":0,"11":5,"12":0,"13":5,"14":0,"15":5,"16":0,"17":0,"18":0},"f":{"0":0,"1":0,"2":0,"3":0,"4":0},"b":{"0":[5,0]},"inputSourceMap":null,"_coverageSchema":"1a1c01bbd47fc00a2c39e90264f33305004495a9","hash":"97e517ca1e435ffa7d89dfc119aa38a137540378"}
,"C:\\Users\\adiba\\Documents\\Code_projects\\Volunteering_WebApp\\server\\server.js": {"path":"C:\\Users\\adiba\\Documents\\Code_projects\\Volunteering_WebApp\\server\\server.js","statementMap":{"0":{"start":{"line":2,"column":0},"end":{"line":2,"column":16}},"1":{"start":{"line":19,"column":12},"end":{"line":19,"column":21}},"2":{"start":{"line":20,"column":13},"end":{"line":20,"column":37}},"3":{"start":{"line":21,"column":19},"end":{"line":21,"column":57}},"4":{"start":{"line":23,"column":0},"end":{"line":23,"column":16}},"5":{"start":{"line":24,"column":0},"end":{"line":24,"column":24}},"6":{"start":{"line":26,"column":13},"end":{"line":27,"column":88}},"7":{"start":{"line":27,"column":2},"end":{"line":27,"column":88}},"8":{"start":{"line":29,"column":0},"end":{"line":29,"column":44}},"9":{"start":{"line":29,"column":28},"end":{"line":29,"column":42}},"10":{"start":{"line":31,"column":0},"end":{"line":31,"column":19}},"11":{"start":{"line":33,"column":0},"end":{"line":33,"column":34}},"12":{"start":{"line":35,"column":0},"end":{"line":35,"column":40}},"13":{"start":{"line":37,"column":0},"end":{"line":37,"column":36}},"14":{"start":{"line":39,"column":0},"end":{"line":39,"column":30}},"15":{"start":{"line":42,"column":0},"end":{"line":42,"column":34}},"16":{"start":{"line":46,"column":0},"end":{"line":52,"column":1}},"17":{"start":{"line":48,"column":0},"end":{"line":50,"column":3}},"18":{"start":{"line":49,"column":2},"end":{"line":49,"column":57}}},"fnMap":{"0":{"name":"(anonymous_0)","decl":{"start":{"line":26,"column":13},"end":{"line":26,"column":14}},"loc":{"start":{"line":27,"column":2},"end":{"line":27,"column":88}},"line":27},"1":{"name":"(anonymous_1)","decl":{"start":{"line":29,"column":13},"end":{"line":29,"column":14}},"loc":{"start":{"line":29,"column":28},"end":{"line":29,"column":42}},"line":29},"2":{"name":"(anonymous_2)","decl":{"start":{"line":48,"column":17},"end":{"line":48,"column":18}},"loc":{"start":{"line":48,"column":23},"end":{"line":50,"column":1}},"line":48}},"branchMap":{"0":{"loc":{"start":{"line":20,"column":13},"end":{"line":20,"column":37}},"type":"binary-expr","locations":[{"start":{"line":20,"column":13},"end":{"line":20,"column":29}},{"start":{"line":20,"column":33},"end":{"line":20,"column":37}}],"line":20},"1":{"loc":{"start":{"line":21,"column":19},"end":{"line":21,"column":57}},"type":"binary-expr","locations":[{"start":{"line":21,"column":19},"end":{"line":21,"column":41}},{"start":{"line":21,"column":45},"end":{"line":21,"column":57}}],"line":21},"2":{"loc":{"start":{"line":46,"column":0},"end":{"line":52,"column":1}},"type":"if","locations":[{"start":{"line":46,"column":0},"end":{"line":52,"column":1}},{"start":{},"end":{}}],"line":46}},"s":{"0":5,"1":5,"2":5,"3":5,"4":5,"5":5,"6":5,"7":0,"8":5,"9":0,"10":5,"11":5,"12":5,"13":5,"14":5,"15":5,"16":5,"17":0,"18":0},"f":{"0":0,"1":0,"2":0},"b":{"0":[5,0],"1":[5,0],"2":[0,5]},"inputSourceMap":null,"_coverageSchema":"1a1c01bbd47fc00a2c39e90264f33305004495a9","hash":"35c63ab2a028bc4109f9abde0e53abbb83f7bdbe"}
,"C:\\Users\\adiba\\Documents\\Code_projects\\Volunteering_WebApp\\server\\DB_health\\health.routes.js": {"path":"C:\\Users\\adiba\\Documents\\Code_projects\\Volunteering_WebApp\\server\\DB_health\\health.routes.js","statementMap":{"0":{"start":{"line":5,"column":15},"end":{"line":5,"column":31}},"1":{"start":{"line":7,"column":0},"end":{"line":15,"column":3}},"2":{"start":{"line":8,"column":2},"end":{"line":14,"column":3}},"3":{"start":{"line":9,"column":21},"end":{"line":9,"column":55}},"4":{"start":{"line":10,"column":4},"end":{"line":10,"column":45}},"5":{"start":{"line":12,"column":4},"end":{"line":12,"column":43}},"6":{"start":{"line":13,"column":4},"end":{"line":13,"column":60}}},"fnMap":{"0":{"name":"(anonymous_0)","decl":{"start":{"line":7,"column":29},"end":{"line":7,"column":30}},"loc":{"start":{"line":7,"column":50},"end":{"line":15,"column":1}},"line":7}},"branchMap":{},"s":{"0":5,"1":5,"2":0,"3":0,"4":0,"5":0,"6":0},"f":{"0":0},"b":{},"inputSourceMap":null,"_coverageSchema":"1a1c01bbd47fc00a2c39e90264f33305004495a9","hash":"62bac6dd1e72a09c8a067b717266e83bc60f9f9f"}
,"C:\\Users\\adiba\\Documents\\Code_projects\\Volunteering_WebApp\\server\\events\\all_events.js": {"path":"C:\\Users\\adiba\\Documents\\Code_projects\\Volunteering_WebApp\\server\\events\\all_events.js","statementMap":{"0":{"start":{"line":4,"column":17},"end":{"line":8,"column":4}},"1":{"start":{"line":10,"column":2},"end":{"line":18,"column":6}},"2":{"start":{"line":10,"column":35},"end":{"line":18,"column":3}}},"fnMap":{"0":{"name":"getAllEvents","decl":{"start":{"line":3,"column":22},"end":{"line":3,"column":34}},"loc":{"start":{"line":3,"column":37},"end":{"line":19,"column":1}},"line":3},"1":{"name":"(anonymous_1)","decl":{"start":{"line":10,"column":25},"end":{"line":10,"column":26}},"loc":{"start":{"line":10,"column":35},"end":{"line":18,"column":3}},"line":10}},"branchMap":{},"s":{"0":0,"1":0,"2":0},"f":{"0":0,"1":0},"b":{},"inputSourceMap":null,"_coverageSchema":"1a1c01bbd47fc00a2c39e90264f33305004495a9","hash":"17f0cbbf1240e0da0a1c05ef5f4979c10422fa73"}
,"C:\\Users\\adiba\\Documents\\Code_projects\\Volunteering_WebApp\\server\\middleware\\auth.js": {"path":"C:\\Users\\adiba\\Documents\\Code_projects\\Volunteering_WebApp\\server\\middleware\\auth.js","statementMap":{"0":{"start":{"line":4,"column":19},"end":{"line":4,"column":57}},"1":{"start":{"line":6,"column":14},"end":{"line":6,"column":45}},"2":{"start":{"line":7,"column":16},"end":{"line":7,"column":63}},"3":{"start":{"line":8,"column":2},"end":{"line":8,"column":69}},"4":{"start":{"line":8,"column":14},"end":{"line":8,"column":69}},"5":{"start":{"line":9,"column":2},"end":{"line":14,"column":3}},"6":{"start":{"line":10,"column":4},"end":{"line":10,"column":45}},"7":{"start":{"line":11,"column":4},"end":{"line":11,"column":11}},"8":{"start":{"line":13,"column":4},"end":{"line":13,"column":60}}},"fnMap":{"0":{"name":"requireAuth","decl":{"start":{"line":5,"column":16},"end":{"line":5,"column":27}},"loc":{"start":{"line":5,"column":44},"end":{"line":15,"column":1}},"line":5}},"branchMap":{"0":{"loc":{"start":{"line":4,"column":19},"end":{"line":4,"column":57}},"type":"binary-expr","locations":[{"start":{"line":4,"column":19},"end":{"line":4,"column":41}},{"start":{"line":4,"column":45},"end":{"line":4,"column":57}}],"line":4},"1":{"loc":{"start":{"line":6,"column":14},"end":{"line":6,"column":45}},"type":"binary-expr","locations":[{"start":{"line":6,"column":14},"end":{"line":6,"column":39}},{"start":{"line":6,"column":43},"end":{"line":6,"column":45}}],"line":6},"2":{"loc":{"start":{"line":7,"column":16},"end":{"line":7,"column":63}},"type":"cond-expr","locations":[{"start":{"line":7,"column":44},"end":{"line":7,"column":56}},{"start":{"line":7,"column":59},"end":{"line":7,"column":63}}],"line":7},"3":{"loc":{"start":{"line":8,"column":2},"end":{"line":8,"column":69}},"type":"if","locations":[{"start":{"line":8,"column":2},"end":{"line":8,"column":69}},{"start":{},"end":{}}],"line":8}},"s":{"0":5,"1":0,"2":0,"3":0,"4":0,"5":0,"6":0,"7":0,"8":0},"f":{"0":0},"b":{"0":[5,0],"1":[0,0],"2":[0,0],"3":[0,0]},"inputSourceMap":null,"_coverageSchema":"1a1c01bbd47fc00a2c39e90264f33305004495a9","hash":"4ba6fca96d8fbcf28e305f674847c42a7e262b12"}
,"C:\\Users\\adiba\\Documents\\Code_projects\\Volunteering_WebApp\\server\\notifications\\get_notifs.js": {"path":"C:\\Users\\adiba\\Documents\\Code_projects\\Volunteering_WebApp\\server\\notifications\\get_notifs.js","statementMap":{"0":{"start":{"line":1,"column":27},"end":{"line":4,"column":1}},"1":{"start":{"line":7,"column":17},"end":{"line":7,"column":19}},"2":{"start":{"line":9,"column":2},"end":{"line":12,"column":57}},"3":{"start":{"line":10,"column":4},"end":{"line":10,"column":62}},"4":{"start":{"line":11,"column":7},"end":{"line":12,"column":57}},"5":{"start":{"line":12,"column":4},"end":{"line":12,"column":57}},"6":{"start":{"line":14,"column":2},"end":{"line":17,"column":53}},"7":{"start":{"line":15,"column":4},"end":{"line":15,"column":59}},"8":{"start":{"line":16,"column":7},"end":{"line":17,"column":53}},"9":{"start":{"line":17,"column":4},"end":{"line":17,"column":53}},"10":{"start":{"line":19,"column":2},"end":{"line":20,"column":53}},"11":{"start":{"line":20,"column":4},"end":{"line":20,"column":53}},"12":{"start":{"line":22,"column":2},"end":{"line":22,"column":16}},"13":{"start":{"line":26,"column":2},"end":{"line":26,"column":23}}},"fnMap":{"0":{"name":"validateNotification","decl":{"start":{"line":6,"column":16},"end":{"line":6,"column":36}},"loc":{"start":{"line":6,"column":43},"end":{"line":23,"column":1}},"line":6},"1":{"name":"getNotifications","decl":{"start":{"line":25,"column":16},"end":{"line":25,"column":32}},"loc":{"start":{"line":25,"column":35},"end":{"line":27,"column":1}},"line":25}},"branchMap":{"0":{"loc":{"start":{"line":9,"column":2},"end":{"line":12,"column":57}},"type":"if","locations":[{"start":{"line":9,"column":2},"end":{"line":12,"column":57}},{"start":{"line":11,"column":7},"end":{"line":12,"column":57}}],"line":9},"1":{"loc":{"start":{"line":9,"column":6},"end":{"line":9,"column":91}},"type":"binary-expr","locations":[{"start":{"line":9,"column":6},"end":{"line":9,"column":19}},{"start":{"line":9,"column":23},"end":{"line":9,"column":55}},{"start":{"line":9,"column":59},"end":{"line":9,"column":91}}],"line":9},"2":{"loc":{"start":{"line":11,"column":7},"end":{"line":12,"column":57}},"type":"if","locations":[{"start":{"line":11,"column":7},"end":{"line":12,"column":57}},{"start":{},"end":{}}],"line":11},"3":{"loc":{"start":{"line":14,"column":2},"end":{"line":17,"column":53}},"type":"if","locations":[{"start":{"line":14,"column":2},"end":{"line":17,"column":53}},{"start":{"line":16,"column":7},"end":{"line":17,"column":53}}],"line":14},"4":{"loc":{"start":{"line":14,"column":6},"end":{"line":14,"column":82}},"type":"binary-expr","locations":[{"start":{"line":14,"column":6},"end":{"line":14,"column":16}},{"start":{"line":14,"column":20},"end":{"line":14,"column":49}},{"start":{"line":14,"column":53},"end":{"line":14,"column":82}}],"line":14},"5":{"loc":{"start":{"line":16,"column":7},"end":{"line":17,"column":53}},"type":"if","locations":[{"start":{"line":16,"column":7},"end":{"line":17,"column":53}},{"start":{},"end":{}}],"line":16},"6":{"loc":{"start":{"line":19,"column":2},"end":{"line":20,"column":53}},"type":"if","locations":[{"start":{"line":19,"column":2},"end":{"line":20,"column":53}},{"start":{},"end":{}}],"line":19}},"s":{"0":3,"1":0,"2":0,"3":0,"4":0,"5":0,"6":0,"7":0,"8":0,"9":0,"10":0,"11":0,"12":0,"13":0},"f":{"0":0,"1":0},"b":{"0":[0,0],"1":[0,0,0],"2":[0,0],"3":[0,0],"4":[0,0,0],"5":[0,0],"6":[0,0]},"inputSourceMap":null,"_coverageSchema":"1a1c01bbd47fc00a2c39e90264f33305004495a9","hash":"520dfccf9a1a8f4976c1aaeb80091b27d29b4557"}
,"C:\\Users\\adiba\\Documents\\Code_projects\\Volunteering_WebApp\\server\\routes\\allevents.routes.js": {"path":"C:\\Users\\adiba\\Documents\\Code_projects\\Volunteering_WebApp\\server\\routes\\allevents.routes.js","statementMap":{"0":{"start":{"line":4,"column":15},"end":{"line":4,"column":31}},"1":{"start":{"line":6,"column":0},"end":{"line":14,"column":3}},"2":{"start":{"line":7,"column":2},"end":{"line":13,"column":3}},"3":{"start":{"line":8,"column":19},"end":{"line":8,"column":39}},"4":{"start":{"line":9,"column":4},"end":{"line":9,"column":33}},"5":{"start":{"line":11,"column":4},"end":{"line":11,"column":51}},"6":{"start":{"line":12,"column":4},"end":{"line":12,"column":63}}},"fnMap":{"0":{"name":"(anonymous_0)","decl":{"start":{"line":6,"column":25},"end":{"line":6,"column":26}},"loc":{"start":{"line":6,"column":45},"end":{"line":14,"column":1}},"line":6}},"branchMap":{},"s":{"0":5,"1":5,"2":2,"3":2,"4":1,"5":1,"6":1},"f":{"0":2},"b":{},"inputSourceMap":null,"_coverageSchema":"1a1c01bbd47fc00a2c39e90264f33305004495a9","hash":"b50ff5d5f8eceaf4b28093498a603aeb2b87d956"}
,"C:\\Users\\adiba\\Documents\\Code_projects\\Volunteering_WebApp\\server\\routes\\auth.routes.js": {"path":"C:\\Users\\adiba\\Documents\\Code_projects\\Volunteering_WebApp\\server\\routes\\auth.routes.js","statementMap":{"0":{"start":{"line":7,"column":0},"end":{"line":7,"column":15}},"1":{"start":{"line":9,"column":15},"end":{"line":9,"column":31}},"2":{"start":{"line":10,"column":13},"end":{"line":11,"column":100}},"3":{"start":{"line":11,"column":2},"end":{"line":11,"column":100}},"4":{"start":{"line":13,"column":0},"end":{"line":32,"column":3}},"5":{"start":{"line":14,"column":50},"end":{"line":14,"column":64}},"6":{"start":{"line":15,"column":2},"end":{"line":15,"column":95}},"7":{"start":{"line":15,"column":27},"end":{"line":15,"column":95}},"8":{"start":{"line":16,"column":2},"end":{"line":31,"column":3}},"9":{"start":{"line":17,"column":19},"end":{"line":17,"column":82}},"10":{"start":{"line":18,"column":4},"end":{"line":18,"column":92}},"11":{"start":{"line":18,"column":25},"end":{"line":18,"column":92}},"12":{"start":{"line":20,"column":17},"end":{"line":20,"column":48}},"13":{"start":{"line":21,"column":21},"end":{"line":26,"column":5}},"14":{"start":{"line":27,"column":4},"end":{"line":27,"column":34}},"15":{"start":{"line":29,"column":4},"end":{"line":29,"column":40}},"16":{"start":{"line":30,"column":4},"end":{"line":30,"column":55}},"17":{"start":{"line":34,"column":0},"end":{"line":53,"column":3}},"18":{"start":{"line":35,"column":31},"end":{"line":35,"column":45}},"19":{"start":{"line":36,"column":3},"end":{"line":52,"column":3}},"20":{"start":{"line":37,"column":22},"end":{"line":41,"column":6}},"21":{"start":{"line":42,"column":15},"end":{"line":42,"column":22}},"22":{"start":{"line":43,"column":5},"end":{"line":43,"column":75}},"23":{"start":{"line":43,"column":13},"end":{"line":43,"column":75}},"24":{"start":{"line":44,"column":16},"end":{"line":44,"column":63}},"25":{"start":{"line":45,"column":5},"end":{"line":45,"column":76}},"26":{"start":{"line":45,"column":14},"end":{"line":45,"column":76}},"27":{"start":{"line":47,"column":19},"end":{"line":47,"column":26}},"28":{"start":{"line":48,"column":5},"end":{"line":48,"column":99}},"29":{"start":{"line":50,"column":5},"end":{"line":50,"column":40}},"30":{"start":{"line":51,"column":5},"end":{"line":51,"column":53}}},"fnMap":{"0":{"name":"(anonymous_0)","decl":{"start":{"line":10,"column":13},"end":{"line":10,"column":14}},"loc":{"start":{"line":11,"column":2},"end":{"line":11,"column":100}},"line":11},"1":{"name":"(anonymous_1)","decl":{"start":{"line":13,"column":25},"end":{"line":13,"column":26}},"loc":{"start":{"line":13,"column":45},"end":{"line":32,"column":1}},"line":13},"2":{"name":"(anonymous_2)","decl":{"start":{"line":34,"column":22},"end":{"line":34,"column":23}},"loc":{"start":{"line":34,"column":42},"end":{"line":53,"column":1}},"line":34}},"branchMap":{"0":{"loc":{"start":{"line":14,"column":27},"end":{"line":14,"column":45}},"type":"default-arg","locations":[{"start":{"line":14,"column":34},"end":{"line":14,"column":45}}],"line":14},"1":{"loc":{"start":{"line":14,"column":50},"end":{"line":14,"column":64}},"type":"binary-expr","locations":[{"start":{"line":14,"column":50},"end":{"line":14,"column":58}},{"start":{"line":14,"column":62},"end":{"line":14,"column":64}}],"line":14},"2":{"loc":{"start":{"line":15,"column":2},"end":{"line":15,"column":95}},"type":"if","locations":[{"start":{"line":15,"column":2},"end":{"line":15,"column":95}},{"start":{},"end":{}}],"line":15},"3":{"loc":{"start":{"line":15,"column":6},"end":{"line":15,"column":25}},"type":"binary-expr","locations":[{"start":{"line":15,"column":6},"end":{"line":15,"column":12}},{"start":{"line":15,"column":16},"end":{"line":15,"column":25}}],"line":15},"4":{"loc":{"start":{"line":18,"column":4},"end":{"line":18,"column":92}},"type":"if","locations":[{"start":{"line":18,"column":4},"end":{"line":18,"column":92}},{"start":{},"end":{}}],"line":18},"5":{"loc":{"start":{"line":35,"column":31},"end":{"line":35,"column":45}},"type":"binary-expr","locations":[{"start":{"line":35,"column":31},"end":{"line":35,"column":39}},{"start":{"line":35,"column":43},"end":{"line":35,"column":45}}],"line":35},"6":{"loc":{"start":{"line":43,"column":5},"end":{"line":43,"column":75}},"type":"if","locations":[{"start":{"line":43,"column":5},"end":{"line":43,"column":75}},{"start":{},"end":{}}],"line":43},"7":{"loc":{"start":{"line":45,"column":5},"end":{"line":45,"column":76}},"type":"if","locations":[{"start":{"line":45,"column":5},"end":{"line":45,"column":76}},{"start":{},"end":{}}],"line":45}},"s":{"0":5,"1":5,"2":5,"3":0,"4":5,"5":0,"6":0,"7":0,"8":0,"9":0,"10":0,"11":0,"12":0,"13":0,"14":0,"15":0,"16":0,"17":5,"18":0,"19":0,"20":0,"21":0,"22":0,"23":0,"24":0,"25":0,"26":0,"27":0,"28":0,"29":0,"30":0},"f":{"0":0,"1":0,"2":0},"b":{"0":[0],"1":[0,0],"2":[0,0],"3":[0,0],"4":[0,0],"5":[0,0],"6":[0,0],"7":[0,0]},"inputSourceMap":null,"_coverageSchema":"1a1c01bbd47fc00a2c39e90264f33305004495a9","hash":"ad02f15034a54e9431ba710fd68572e1979f864f"}
,"C:\\Users\\adiba\\Documents\\Code_projects\\Volunteering_WebApp\\server\\routes\\event.routes.js": {"path":"C:\\Users\\adiba\\Documents\\Code_projects\\Volunteering_WebApp\\server\\routes\\event.routes.js","statementMap":{"0":{"start":{"line":3,"column":15},"end":{"line":3,"column":31}},"1":{"start":{"line":5,"column":13},"end":{"line":5,"column":15}},"2":{"start":{"line":6,"column":0},"end":{"line":27,"column":3}},"3":{"start":{"line":7,"column":90},"end":{"line":7,"column":98}},"4":{"start":{"line":9,"column":2},"end":{"line":11,"column":3}},"5":{"start":{"line":10,"column":4},"end":{"line":10,"column":72}},"6":{"start":{"line":13,"column":19},"end":{"line":23,"column":3}},"7":{"start":{"line":25,"column":2},"end":{"line":25,"column":24}},"8":{"start":{"line":26,"column":2},"end":{"line":26,"column":84}},"9":{"start":{"line":30,"column":0},"end":{"line":32,"column":3}},"10":{"start":{"line":31,"column":2},"end":{"line":31,"column":19}},"11":{"start":{"line":35,"column":0},"end":{"line":58,"column":3}},"12":{"start":{"line":36,"column":17},"end":{"line":36,"column":27}},"13":{"start":{"line":37,"column":90},"end":{"line":37,"column":98}},"14":{"start":{"line":39,"column":21},"end":{"line":39,"column":54}},"15":{"start":{"line":39,"column":43},"end":{"line":39,"column":53}},"16":{"start":{"line":40,"column":2},"end":{"line":42,"column":3}},"17":{"start":{"line":41,"column":4},"end":{"line":41,"column":64}},"18":{"start":{"line":45,"column":2},"end":{"line":55,"column":4}},"19":{"start":{"line":57,"column":2},"end":{"line":57,"column":81}},"20":{"start":{"line":61,"column":0},"end":{"line":69,"column":3}},"21":{"start":{"line":62,"column":17},"end":{"line":62,"column":27}},"22":{"start":{"line":63,"column":16},"end":{"line":63,"column":49}},"23":{"start":{"line":63,"column":38},"end":{"line":63,"column":48}},"24":{"start":{"line":64,"column":2},"end":{"line":66,"column":3}},"25":{"start":{"line":65,"column":4},"end":{"line":65,"column":64}},"26":{"start":{"line":67,"column":18},"end":{"line":67,"column":41}},"27":{"start":{"line":68,"column":2},"end":{"line":68,"column":63}}},"fnMap":{"0":{"name":"(anonymous_0)","decl":{"start":{"line":6,"column":23},"end":{"line":6,"column":24}},"loc":{"start":{"line":6,"column":37},"end":{"line":27,"column":1}},"line":6},"1":{"name":"(anonymous_1)","decl":{"start":{"line":30,"column":16},"end":{"line":30,"column":17}},"loc":{"start":{"line":30,"column":30},"end":{"line":32,"column":1}},"line":30},"2":{"name":"(anonymous_2)","decl":{"start":{"line":35,"column":19},"end":{"line":35,"column":20}},"loc":{"start":{"line":35,"column":33},"end":{"line":58,"column":1}},"line":35},"3":{"name":"(anonymous_3)","decl":{"start":{"line":39,"column":38},"end":{"line":39,"column":39}},"loc":{"start":{"line":39,"column":43},"end":{"line":39,"column":53}},"line":39},"4":{"name":"(anonymous_4)","decl":{"start":{"line":61,"column":22},"end":{"line":61,"column":23}},"loc":{"start":{"line":61,"column":36},"end":{"line":69,"column":1}},"line":61},"5":{"name":"(anonymous_5)","decl":{"start":{"line":63,"column":33},"end":{"line":63,"column":34}},"loc":{"start":{"line":63,"column":38},"end":{"line":63,"column":48}},"line":63}},"branchMap":{"0":{"loc":{"start":{"line":9,"column":2},"end":{"line":11,"column":3}},"type":"if","locations":[{"start":{"line":9,"column":2},"end":{"line":11,"column":3}},{"start":{},"end":{}}],"line":9},"1":{"loc":{"start":{"line":9,"column":6},"end":{"line":9,"column":103}},"type":"binary-expr","locations":[{"start":{"line":9,"column":6},"end":{"line":9,"column":16}},{"start":{"line":9,"column":20},"end":{"line":9,"column":32}},{"start":{"line":9,"column":36},"end":{"line":9,"column":45}},{"start":{"line":9,"column":49},"end":{"line":9,"column":56}},{"start":{"line":9,"column":60},"end":{"line":9,"column":68}},{"start":{"line":9,"column":72},"end":{"line":9,"column":77}},{"start":{"line":9,"column":81},"end":{"line":9,"column":91}},{"start":{"line":9,"column":95},"end":{"line":9,"column":103}}],"line":9},"2":{"loc":{"start":{"line":40,"column":2},"end":{"line":42,"column":3}},"type":"if","locations":[{"start":{"line":40,"column":2},"end":{"line":42,"column":3}},{"start":{},"end":{}}],"line":40},"3":{"loc":{"start":{"line":64,"column":2},"end":{"line":66,"column":3}},"type":"if","locations":[{"start":{"line":64,"column":2},"end":{"line":66,"column":3}},{"start":{},"end":{}}],"line":64}},"s":{"0":5,"1":5,"2":5,"3":4,"4":4,"5":1,"6":3,"7":3,"8":3,"9":5,"10":1,"11":5,"12":1,"13":1,"14":1,"15":2,"16":1,"17":0,"18":1,"19":1,"20":5,"21":1,"22":1,"23":2,"24":1,"25":0,"26":1,"27":1},"f":{"0":4,"1":1,"2":1,"3":2,"4":1,"5":2},"b":{"0":[1,3],"1":[4,4,3,3,3,3,3,3],"2":[0,1],"3":[0,1]},"inputSourceMap":null,"_coverageSchema":"1a1c01bbd47fc00a2c39e90264f33305004495a9","hash":"94f12b7379e1cd2daa11c6ff3a09dafe52c418de"}
,"C:\\Users\\adiba\\Documents\\Code_projects\\Volunteering_WebApp\\server\\routes\\notifs.routes.js": {"path":"C:\\Users\\adiba\\Documents\\Code_projects\\Volunteering_WebApp\\server\\routes\\notifs.routes.js","statementMap":{"0":{"start":{"line":4,"column":15},"end":{"line":4,"column":31}},"1":{"start":{"line":6,"column":0},"end":{"line":9,"column":3}},"2":{"start":{"line":7,"column":24},"end":{"line":7,"column":42}},"3":{"start":{"line":8,"column":2},"end":{"line":8,"column":38}}},"fnMap":{"0":{"name":"(anonymous_0)","decl":{"start":{"line":6,"column":29},"end":{"line":6,"column":30}},"loc":{"start":{"line":6,"column":43},"end":{"line":9,"column":1}},"line":6}},"branchMap":{},"s":{"0":5,"1":5,"2":2,"3":2},"f":{"0":2},"b":{},"inputSourceMap":null,"_coverageSchema":"1a1c01bbd47fc00a2c39e90264f33305004495a9","hash":"a7691e31312c5b93174e53474c4f9317fce8acc9"}
,"C:\\Users\\adiba\\Documents\\Code_projects\\Volunteering_WebApp\\server\\routes\\profile.routes.js": {"path":"C:\\Users\\adiba\\Documents\\Code_projects\\Volunteering_WebApp\\server\\routes\\profile.routes.js","statementMap":{"0":{"start":{"line":5,"column":15},"end":{"line":5,"column":31}},"1":{"start":{"line":7,"column":0},"end":{"line":22,"column":3}},"2":{"start":{"line":8,"column":26},"end":{"line":8,"column":34}},"3":{"start":{"line":9,"column":2},"end":{"line":21,"column":3}},"4":{"start":{"line":10,"column":21},"end":{"line":16,"column":5}},"5":{"start":{"line":17,"column":4},"end":{"line":17,"column":30}},"6":{"start":{"line":19,"column":4},"end":{"line":19,"column":44}},"7":{"start":{"line":20,"column":4},"end":{"line":20,"column":63}},"8":{"start":{"line":24,"column":0},"end":{"line":49,"column":3}},"9":{"start":{"line":25,"column":26},"end":{"line":25,"column":34}},"10":{"start":{"line":29,"column":6},"end":{"line":29,"column":20}},"11":{"start":{"line":31,"column":2},"end":{"line":33,"column":3}},"12":{"start":{"line":32,"column":4},"end":{"line":32,"column":78}},"13":{"start":{"line":35,"column":2},"end":{"line":48,"column":3}},"14":{"start":{"line":36,"column":21},"end":{"line":43,"column":5}},"15":{"start":{"line":44,"column":4},"end":{"line":44,"column":22}},"16":{"start":{"line":46,"column":4},"end":{"line":46,"column":46}},"17":{"start":{"line":47,"column":4},"end":{"line":47,"column":59}},"18":{"start":{"line":51,"column":0},"end":{"line":61,"column":3}},"19":{"start":{"line":52,"column":26},"end":{"line":52,"column":34}},"20":{"start":{"line":53,"column":17},"end":{"line":53,"column":68}},"21":{"start":{"line":54,"column":2},"end":{"line":60,"column":3}},"22":{"start":{"line":55,"column":4},"end":{"line":55,"column":89}},"23":{"start":{"line":56,"column":4},"end":{"line":56,"column":49}},"24":{"start":{"line":58,"column":4},"end":{"line":58,"column":47}},"25":{"start":{"line":59,"column":4},"end":{"line":59,"column":60}},"26":{"start":{"line":63,"column":0},"end":{"line":73,"column":3}},"27":{"start":{"line":64,"column":26},"end":{"line":64,"column":34}},"28":{"start":{"line":65,"column":16},"end":{"line":65,"column":55}},"29":{"start":{"line":66,"column":2},"end":{"line":72,"column":3}},"30":{"start":{"line":67,"column":4},"end":{"line":67,"column":94}},"31":{"start":{"line":68,"column":4},"end":{"line":68,"column":48}},"32":{"start":{"line":70,"column":4},"end":{"line":70,"column":53}},"33":{"start":{"line":71,"column":4},"end":{"line":71,"column":66}},"34":{"start":{"line":75,"column":0},"end":{"line":95,"column":3}},"35":{"start":{"line":76,"column":26},"end":{"line":76,"column":34}},"36":{"start":{"line":77,"column":2},"end":{"line":94,"column":3}},"37":{"start":{"line":78,"column":21},"end":{"line":84,"column":5}},"38":{"start":{"line":85,"column":4},"end":{"line":85,"column":22}},"39":{"start":{"line":87,"column":4},"end":{"line":91,"column":5}},"40":{"start":{"line":88,"column":6},"end":{"line":90,"column":9}},"41":{"start":{"line":92,"column":4},"end":{"line":92,"column":50}},"42":{"start":{"line":93,"column":4},"end":{"line":93,"column":66}}},"fnMap":{"0":{"name":"(anonymous_0)","decl":{"start":{"line":7,"column":31},"end":{"line":7,"column":32}},"loc":{"start":{"line":7,"column":51},"end":{"line":22,"column":1}},"line":7},"1":{"name":"(anonymous_1)","decl":{"start":{"line":24,"column":30},"end":{"line":24,"column":31}},"loc":{"start":{"line":24,"column":50},"end":{"line":49,"column":1}},"line":24},"2":{"name":"(anonymous_2)","decl":{"start":{"line":51,"column":35},"end":{"line":51,"column":36}},"loc":{"start":{"line":51,"column":55},"end":{"line":61,"column":1}},"line":51},"3":{"name":"(anonymous_3)","decl":{"start":{"line":63,"column":41},"end":{"line":63,"column":42}},"loc":{"start":{"line":63,"column":61},"end":{"line":73,"column":1}},"line":63},"4":{"name":"(anonymous_4)","decl":{"start":{"line":75,"column":38},"end":{"line":75,"column":39}},"loc":{"start":{"line":75,"column":58},"end":{"line":95,"column":1}},"line":75}},"branchMap":{"0":{"loc":{"start":{"line":17,"column":13},"end":{"line":17,"column":28}},"type":"binary-expr","locations":[{"start":{"line":17,"column":13},"end":{"line":17,"column":20}},{"start":{"line":17,"column":24},"end":{"line":17,"column":28}}],"line":17},"1":{"loc":{"start":{"line":29,"column":6},"end":{"line":29,"column":20}},"type":"binary-expr","locations":[{"start":{"line":29,"column":6},"end":{"line":29,"column":14}},{"start":{"line":29,"column":18},"end":{"line":29,"column":20}}],"line":29},"2":{"loc":{"start":{"line":31,"column":2},"end":{"line":33,"column":3}},"type":"if","locations":[{"start":{"line":31,"column":2},"end":{"line":33,"column":3}},{"start":{},"end":{}}],"line":31},"3":{"loc":{"start":{"line":31,"column":6},"end":{"line":31,"column":81}},"type":"binary-expr","locations":[{"start":{"line":31,"column":6},"end":{"line":31,"column":17}},{"start":{"line":31,"column":21},"end":{"line":31,"column":31}},{"start":{"line":31,"column":35},"end":{"line":31,"column":44}},{"start":{"line":31,"column":48},"end":{"line":31,"column":53}},{"start":{"line":31,"column":57},"end":{"line":31,"column":68}},{"start":{"line":31,"column":72},"end":{"line":31,"column":81}}],"line":31},"4":{"loc":{"start":{"line":42,"column":48},"end":{"line":42,"column":64}},"type":"binary-expr","locations":[{"start":{"line":42,"column":48},"end":{"line":42,"column":56}},{"start":{"line":42,"column":60},"end":{"line":42,"column":64}}],"line":42},"5":{"loc":{"start":{"line":42,"column":94},"end":{"line":42,"column":113}},"type":"binary-expr","locations":[{"start":{"line":42,"column":94},"end":{"line":42,"column":105}},{"start":{"line":42,"column":109},"end":{"line":42,"column":113}}],"line":42},"6":{"loc":{"start":{"line":53,"column":17},"end":{"line":53,"column":68}},"type":"cond-expr","locations":[{"start":{"line":53,"column":43},"end":{"line":53,"column":63}},{"start":{"line":53,"column":66},"end":{"line":53,"column":68}}],"line":53},"7":{"loc":{"start":{"line":65,"column":16},"end":{"line":65,"column":55}},"type":"cond-expr","locations":[{"start":{"line":65,"column":42},"end":{"line":65,"column":50}},{"start":{"line":65,"column":53},"end":{"line":65,"column":55}}],"line":65},"8":{"loc":{"start":{"line":87,"column":4},"end":{"line":91,"column":5}},"type":"if","locations":[{"start":{"line":87,"column":4},"end":{"line":91,"column":5}},{"start":{},"end":{}}],"line":87}},"s":{"0":5,"1":5,"2":0,"3":0,"4":0,"5":0,"6":0,"7":0,"8":5,"9":0,"10":0,"11":0,"12":0,"13":0,"14":0,"15":0,"16":0,"17":0,"18":5,"19":0,"20":0,"21":0,"22":0,"23":0,"24":0,"25":0,"26":5,"27":0,"28":0,"29":0,"30":0,"31":0,"32":0,"33":0,"34":5,"35":0,"36":0,"37":0,"38":0,"39":0,"40":0,"41":0,"42":0},"f":{"0":0,"1":0,"2":0,"3":0,"4":0},"b":{"0":[0,0],"1":[0,0],"2":[0,0],"3":[0,0,0,0,0,0],"4":[0,0],"5":[0,0],"6":[0,0],"7":[0,0],"8":[0,0]},"inputSourceMap":null,"_coverageSchema":"1a1c01bbd47fc00a2c39e90264f33305004495a9","hash":"d46b969fbdc0525c3a5932ec7ffeedb5ac257b77"}
}
