{"/Users/leahmelendez/Documents/GitHub/Volunteering_WebApp/server/routes/allevents.routes.js": {"path":"/Users/leahmelendez/Documents/GitHub/Volunteering_WebApp/server/routes/allevents.routes.js","statementMap":{"0":{"start":{"line":6,"column":15},"end":{"line":6,"column":31}},"1":{"start":{"line":8,"column":0},"end":{"line":16,"column":3}},"2":{"start":{"line":9,"column":2},"end":{"line":15,"column":3}},"3":{"start":{"line":10,"column":19},"end":{"line":10,"column":39}},"4":{"start":{"line":11,"column":4},"end":{"line":11,"column":33}},"5":{"start":{"line":13,"column":4},"end":{"line":13,"column":51}},"6":{"start":{"line":14,"column":4},"end":{"line":14,"column":63}},"7":{"start":{"line":18,"column":0},"end":{"line":18,"column":39}},"8":{"start":{"line":21,"column":0},"end":{"line":21,"column":52}}},"fnMap":{"0":{"name":"(anonymous_0)","decl":{"start":{"line":8,"column":25},"end":{"line":8,"column":26}},"loc":{"start":{"line":8,"column":45},"end":{"line":16,"column":1}},"line":8}},"branchMap":{},"s":{"0":5,"1":5,"2":2,"3":2,"4":1,"5":1,"6":1,"7":5,"8":5},"f":{"0":2},"b":{},"inputSourceMap":null,"_coverageSchema":"1a1c01bbd47fc00a2c39e90264f33305004495a9","hash":"bac0ffc87a83eb325fa65e0c3ab1b3df58fecc53"}
,"/Users/leahmelendez/Documents/GitHub/Volunteering_WebApp/server/routes/auth.routes.js": {"path":"/Users/leahmelendez/Documents/GitHub/Volunteering_WebApp/server/routes/auth.routes.js","statementMap":{"0":{"start":{"line":7,"column":0},"end":{"line":7,"column":16}},"1":{"start":{"line":8,"column":15},"end":{"line":8,"column":31}},"2":{"start":{"line":10,"column":13},"end":{"line":15,"column":3}},"3":{"start":{"line":11,"column":2},"end":{"line":15,"column":3}},"4":{"start":{"line":18,"column":0},"end":{"line":49,"column":3}},"5":{"start":{"line":19,"column":45},"end":{"line":19,"column":59}},"6":{"start":{"line":20,"column":2},"end":{"line":20,"column":95}},"7":{"start":{"line":20,"column":27},"end":{"line":20,"column":95}},"8":{"start":{"line":22,"column":2},"end":{"line":48,"column":3}},"9":{"start":{"line":24,"column":19},"end":{"line":24,"column":95}},"10":{"start":{"line":25,"column":4},"end":{"line":25,"column":91}},"11":{"start":{"line":25,"column":29},"end":{"line":25,"column":91}},"12":{"start":{"line":27,"column":17},"end":{"line":27,"column":48}},"13":{"start":{"line":28,"column":16},"end":{"line":33,"column":5}},"14":{"start":{"line":35,"column":20},"end":{"line":35,"column":31}},"15":{"start":{"line":36,"column":18},"end":{"line":36,"column":31}},"16":{"start":{"line":37,"column":4},"end":{"line":44,"column":7}},"17":{"start":{"line":46,"column":4},"end":{"line":46,"column":46}},"18":{"start":{"line":47,"column":4},"end":{"line":47,"column":66}},"19":{"start":{"line":52,"column":0},"end":{"line":82,"column":3}},"20":{"start":{"line":53,"column":30},"end":{"line":53,"column":44}},"21":{"start":{"line":54,"column":2},"end":{"line":54,"column":95}},"22":{"start":{"line":54,"column":27},"end":{"line":54,"column":95}},"23":{"start":{"line":56,"column":2},"end":{"line":81,"column":3}},"24":{"start":{"line":57,"column":16},"end":{"line":60,"column":5}},"25":{"start":{"line":61,"column":4},"end":{"line":61,"column":90}},"26":{"start":{"line":61,"column":28},"end":{"line":61,"column":90}},"27":{"start":{"line":63,"column":20},"end":{"line":63,"column":31}},"28":{"start":{"line":64,"column":4},"end":{"line":64,"column":96}},"29":{"start":{"line":64,"column":37},"end":{"line":64,"column":96}},"30":{"start":{"line":66,"column":15},"end":{"line":66,"column":68}},"31":{"start":{"line":67,"column":4},"end":{"line":67,"column":75}},"32":{"start":{"line":67,"column":13},"end":{"line":67,"column":75}},"33":{"start":{"line":69,"column":18},"end":{"line":69,"column":31}},"34":{"start":{"line":70,"column":4},"end":{"line":77,"column":7}},"35":{"start":{"line":79,"column":4},"end":{"line":79,"column":39}},"36":{"start":{"line":80,"column":4},"end":{"line":80,"column":59}}},"fnMap":{"0":{"name":"(anonymous_0)","decl":{"start":{"line":10,"column":13},"end":{"line":10,"column":14}},"loc":{"start":{"line":11,"column":2},"end":{"line":15,"column":3}},"line":11},"1":{"name":"(anonymous_1)","decl":{"start":{"line":18,"column":25},"end":{"line":18,"column":26}},"loc":{"start":{"line":18,"column":45},"end":{"line":49,"column":1}},"line":18},"2":{"name":"(anonymous_2)","decl":{"start":{"line":52,"column":22},"end":{"line":52,"column":23}},"loc":{"start":{"line":52,"column":42},"end":{"line":82,"column":1}},"line":52}},"branchMap":{"0":{"loc":{"start":{"line":13,"column":4},"end":{"line":13,"column":42}},"type":"binary-expr","locations":[{"start":{"line":13,"column":4},"end":{"line":13,"column":26}},{"start":{"line":13,"column":30},"end":{"line":13,"column":42}}],"line":13},"1":{"loc":{"start":{"line":19,"column":27},"end":{"line":19,"column":40}},"type":"default-arg","locations":[{"start":{"line":19,"column":34},"end":{"line":19,"column":40}}],"line":19},"2":{"loc":{"start":{"line":19,"column":45},"end":{"line":19,"column":59}},"type":"binary-expr","locations":[{"start":{"line":19,"column":45},"end":{"line":19,"column":53}},{"start":{"line":19,"column":57},"end":{"line":19,"column":59}}],"line":19},"3":{"loc":{"start":{"line":20,"column":2},"end":{"line":20,"column":95}},"type":"if","locations":[{"start":{"line":20,"column":2},"end":{"line":20,"column":95}},{"start":{},"end":{}}],"line":20},"4":{"loc":{"start":{"line":20,"column":6},"end":{"line":20,"column":25}},"type":"binary-expr","locations":[{"start":{"line":20,"column":6},"end":{"line":20,"column":12}},{"start":{"line":20,"column":16},"end":{"line":20,"column":25}}],"line":20},"5":{"loc":{"start":{"line":25,"column":4},"end":{"line":25,"column":91}},"type":"if","locations":[{"start":{"line":25,"column":4},"end":{"line":25,"column":91}},{"start":{},"end":{}}],"line":25},"6":{"loc":{"start":{"line":53,"column":30},"end":{"line":53,"column":44}},"type":"binary-expr","locations":[{"start":{"line":53,"column":30},"end":{"line":53,"column":38}},{"start":{"line":53,"column":42},"end":{"line":53,"column":44}}],"line":53},"7":{"loc":{"start":{"line":54,"column":2},"end":{"line":54,"column":95}},"type":"if","locations":[{"start":{"line":54,"column":2},"end":{"line":54,"column":95}},{"start":{},"end":{}}],"line":54},"8":{"loc":{"start":{"line":54,"column":6},"end":{"line":54,"column":25}},"type":"binary-expr","locations":[{"start":{"line":54,"column":6},"end":{"line":54,"column":12}},{"start":{"line":54,"column":16},"end":{"line":54,"column":25}}],"line":54},"9":{"loc":{"start":{"line":61,"column":4},"end":{"line":61,"column":90}},"type":"if","locations":[{"start":{"line":61,"column":4},"end":{"line":61,"column":90}},{"start":{},"end":{}}],"line":61},"10":{"loc":{"start":{"line":64,"column":4},"end":{"line":64,"column":96}},"type":"if","locations":[{"start":{"line":64,"column":4},"end":{"line":64,"column":96}},{"start":{},"end":{}}],"line":64},"11":{"loc":{"start":{"line":67,"column":4},"end":{"line":67,"column":75}},"type":"if","locations":[{"start":{"line":67,"column":4},"end":{"line":67,"column":75}},{"start":{},"end":{}}],"line":67}},"s":{"0":1,"1":1,"2":1,"3":2,"4":1,"5":4,"6":4,"7":1,"8":3,"9":3,"10":3,"11":1,"12":2,"13":1,"14":1,"15":1,"16":1,"17":1,"18":1,"19":1,"20":6,"21":6,"22":1,"23":5,"24":5,"25":5,"26":1,"27":4,"28":4,"29":1,"30":3,"31":2,"32":1,"33":1,"34":1,"35":1,"36":1},"f":{"0":2,"1":4,"2":6},"b":{"0":[2,0],"1":[4],"2":[4,0],"3":[1,3],"4":[4,3],"5":[1,2],"6":[6,0],"7":[1,5],"8":[6,5],"9":[1,4],"10":[1,3],"11":[1,1]},"inputSourceMap":null,"_coverageSchema":"1a1c01bbd47fc00a2c39e90264f33305004495a9","hash":"50eca95edb2a889d04d924223ddea43514dfd12a"}
,"/Users/leahmelendez/Documents/GitHub/Volunteering_WebApp/server/routes/event.routes.js": {"path":"/Users/leahmelendez/Documents/GitHub/Volunteering_WebApp/server/routes/event.routes.js","statementMap":{"0":{"start":{"line":5,"column":15},"end":{"line":5,"column":31}},"1":{"start":{"line":9,"column":0},"end":{"line":80,"column":3}},"2":{"start":{"line":10,"column":2},"end":{"line":79,"column":3}},"3":{"start":{"line":11,"column":4},"end":{"line":11,"column":54}},"4":{"start":{"line":23,"column":8},"end":{"line":23,"column":16}},"5":{"start":{"line":25,"column":4},"end":{"line":25,"column":44}},"6":{"start":{"line":27,"column":4},"end":{"line":30,"column":5}},"7":{"start":{"line":28,"column":6},"end":{"line":28,"column":47}},"8":{"start":{"line":29,"column":6},"end":{"line":29,"column":72}},"9":{"start":{"line":32,"column":23},"end":{"line":32,"column":43}},"10":{"start":{"line":33,"column":24},"end":{"line":35,"column":61}},"11":{"start":{"line":35,"column":48},"end":{"line":35,"column":60}},"12":{"start":{"line":37,"column":28},"end":{"line":37,"column":50}},"13":{"start":{"line":41,"column":4},"end":{"line":41,"column":37}},"14":{"start":{"line":42,"column":25},"end":{"line":42,"column":46}},"15":{"start":{"line":44,"column":19},"end":{"line":60,"column":5}},"16":{"start":{"line":64,"column":4},"end":{"line":64,"column":40}},"17":{"start":{"line":65,"column":4},"end":{"line":65,"column":63}},"18":{"start":{"line":67,"column":4},"end":{"line":70,"column":7}},"19":{"start":{"line":74,"column":4},"end":{"line":74,"column":48}},"20":{"start":{"line":75,"column":4},"end":{"line":78,"column":7}},"21":{"start":{"line":82,"column":0},"end":{"line":106,"column":3}},"22":{"start":{"line":83,"column":2},"end":{"line":105,"column":3}},"23":{"start":{"line":84,"column":19},"end":{"line":98,"column":6}},"24":{"start":{"line":100,"column":4},"end":{"line":100,"column":48}},"25":{"start":{"line":101,"column":4},"end":{"line":101,"column":26}},"26":{"start":{"line":103,"column":4},"end":{"line":103,"column":49}},"27":{"start":{"line":104,"column":4},"end":{"line":104,"column":63}},"28":{"start":{"line":109,"column":0},"end":{"line":183,"column":3}},"29":{"start":{"line":110,"column":2},"end":{"line":182,"column":3}},"30":{"start":{"line":111,"column":19},"end":{"line":111,"column":29}},"31":{"start":{"line":122,"column":8},"end":{"line":122,"column":16}},"32":{"start":{"line":125,"column":4},"end":{"line":127,"column":5}},"33":{"start":{"line":126,"column":6},"end":{"line":126,"column":72}},"34":{"start":{"line":130,"column":24},"end":{"line":134,"column":12}},"35":{"start":{"line":133,"column":50},"end":{"line":133,"column":62}},"36":{"start":{"line":136,"column":28},"end":{"line":136,"column":50}},"37":{"start":{"line":139,"column":25},"end":{"line":139,"column":64}},"38":{"start":{"line":141,"column":19},"end":{"line":166,"column":5}},"39":{"start":{"line":168,"column":4},"end":{"line":170,"column":5}},"40":{"start":{"line":169,"column":6},"end":{"line":169,"column":64}},"41":{"start":{"line":172,"column":4},"end":{"line":175,"column":7}},"42":{"start":{"line":177,"column":4},"end":{"line":177,"column":48}},"43":{"start":{"line":178,"column":4},"end":{"line":181,"column":7}},"44":{"start":{"line":185,"column":0},"end":{"line":214,"column":3}},"45":{"start":{"line":186,"column":17},"end":{"line":186,"column":27}},"46":{"start":{"line":187,"column":28},"end":{"line":187,"column":36}},"47":{"start":{"line":189,"column":2},"end":{"line":191,"column":3}},"48":{"start":{"line":190,"column":4},"end":{"line":190,"column":77}},"49":{"start":{"line":193,"column":2},"end":{"line":213,"column":3}},"50":{"start":{"line":194,"column":19},"end":{"line":200,"column":5}},"51":{"start":{"line":202,"column":4},"end":{"line":204,"column":5}},"52":{"start":{"line":203,"column":6},"end":{"line":203,"column":66}},"53":{"start":{"line":206,"column":4},"end":{"line":209,"column":7}},"54":{"start":{"line":211,"column":4},"end":{"line":211,"column":53}},"55":{"start":{"line":212,"column":4},"end":{"line":212,"column":67}},"56":{"start":{"line":217,"column":0},"end":{"line":231,"column":3}},"57":{"start":{"line":218,"column":2},"end":{"line":230,"column":3}},"58":{"start":{"line":219,"column":19},"end":{"line":219,"column":29}},"59":{"start":{"line":220,"column":19},"end":{"line":220,"column":78}},"60":{"start":{"line":222,"column":4},"end":{"line":224,"column":5}},"61":{"start":{"line":223,"column":6},"end":{"line":223,"column":64}},"62":{"start":{"line":226,"column":4},"end":{"line":226,"column":68}},"63":{"start":{"line":228,"column":4},"end":{"line":228,"column":48}},"64":{"start":{"line":229,"column":4},"end":{"line":229,"column":62}}},"fnMap":{"0":{"name":"(anonymous_0)","decl":{"start":{"line":9,"column":30},"end":{"line":9,"column":31}},"loc":{"start":{"line":9,"column":50},"end":{"line":80,"column":1}},"line":9},"1":{"name":"(anonymous_1)","decl":{"start":{"line":35,"column":39},"end":{"line":35,"column":40}},"loc":{"start":{"line":35,"column":48},"end":{"line":35,"column":60}},"line":35},"2":{"name":"(anonymous_2)","decl":{"start":{"line":82,"column":16},"end":{"line":82,"column":17}},"loc":{"start":{"line":82,"column":36},"end":{"line":106,"column":1}},"line":82},"3":{"name":"(anonymous_3)","decl":{"start":{"line":109,"column":32},"end":{"line":109,"column":33}},"loc":{"start":{"line":109,"column":52},"end":{"line":183,"column":1}},"line":109},"4":{"name":"(anonymous_4)","decl":{"start":{"line":133,"column":41},"end":{"line":133,"column":42}},"loc":{"start":{"line":133,"column":50},"end":{"line":133,"column":62}},"line":133},"5":{"name":"(anonymous_5)","decl":{"start":{"line":185,"column":30},"end":{"line":185,"column":31}},"loc":{"start":{"line":185,"column":50},"end":{"line":214,"column":1}},"line":185},"6":{"name":"(anonymous_6)","decl":{"start":{"line":217,"column":35},"end":{"line":217,"column":36}},"loc":{"start":{"line":217,"column":55},"end":{"line":231,"column":1}},"line":217}},"branchMap":{"0":{"loc":{"start":{"line":21,"column":6},"end":{"line":21,"column":26}},"type":"default-arg","locations":[{"start":{"line":21,"column":25},"end":{"line":21,"column":26}}],"line":21},"1":{"loc":{"start":{"line":22,"column":6},"end":{"line":22,"column":28}},"type":"default-arg","locations":[{"start":{"line":22,"column":24},"end":{"line":22,"column":28}}],"line":22},"2":{"loc":{"start":{"line":27,"column":4},"end":{"line":30,"column":5}},"type":"if","locations":[{"start":{"line":27,"column":4},"end":{"line":30,"column":5}},{"start":{},"end":{}}],"line":27},"3":{"loc":{"start":{"line":27,"column":8},"end":{"line":27,"column":75}},"type":"binary-expr","locations":[{"start":{"line":27,"column":8},"end":{"line":27,"column":19}},{"start":{"line":27,"column":23},"end":{"line":27,"column":32}},{"start":{"line":27,"column":36},"end":{"line":27,"column":47}},{"start":{"line":27,"column":51},"end":{"line":27,"column":62}},{"start":{"line":27,"column":66},"end":{"line":27,"column":75}}],"line":27},"4":{"loc":{"start":{"line":32,"column":23},"end":{"line":32,"column":43}},"type":"binary-expr","locations":[{"start":{"line":32,"column":23},"end":{"line":32,"column":35}},{"start":{"line":32,"column":39},"end":{"line":32,"column":43}}],"line":32},"5":{"loc":{"start":{"line":33,"column":24},"end":{"line":35,"column":61}},"type":"cond-expr","locations":[{"start":{"line":34,"column":8},"end":{"line":34,"column":23}},{"start":{"line":35,"column":8},"end":{"line":35,"column":61}}],"line":33},"6":{"loc":{"start":{"line":121,"column":6},"end":{"line":121,"column":26}},"type":"default-arg","locations":[{"start":{"line":121,"column":25},"end":{"line":121,"column":26}}],"line":121},"7":{"loc":{"start":{"line":125,"column":4},"end":{"line":127,"column":5}},"type":"if","locations":[{"start":{"line":125,"column":4},"end":{"line":127,"column":5}},{"start":{},"end":{}}],"line":125},"8":{"loc":{"start":{"line":125,"column":8},"end":{"line":125,"column":75}},"type":"binary-expr","locations":[{"start":{"line":125,"column":8},"end":{"line":125,"column":19}},{"start":{"line":125,"column":23},"end":{"line":125,"column":32}},{"start":{"line":125,"column":36},"end":{"line":125,"column":47}},{"start":{"line":125,"column":51},"end":{"line":125,"column":62}},{"start":{"line":125,"column":66},"end":{"line":125,"column":75}}],"line":125},"9":{"loc":{"start":{"line":130,"column":24},"end":{"line":134,"column":12}},"type":"cond-expr","locations":[{"start":{"line":131,"column":8},"end":{"line":131,"column":23}},{"start":{"line":132,"column":8},"end":{"line":134,"column":12}}],"line":130},"10":{"loc":{"start":{"line":132,"column":8},"end":{"line":134,"column":12}},"type":"cond-expr","locations":[{"start":{"line":133,"column":10},"end":{"line":133,"column":63}},{"start":{"line":134,"column":10},"end":{"line":134,"column":12}}],"line":132},"11":{"loc":{"start":{"line":139,"column":25},"end":{"line":139,"column":64}},"type":"cond-expr","locations":[{"start":{"line":139,"column":35},"end":{"line":139,"column":56}},{"start":{"line":139,"column":59},"end":{"line":139,"column":64}}],"line":139},"12":{"loc":{"start":{"line":168,"column":4},"end":{"line":170,"column":5}},"type":"if","locations":[{"start":{"line":168,"column":4},"end":{"line":170,"column":5}},{"start":{},"end":{}}],"line":168},"13":{"loc":{"start":{"line":189,"column":2},"end":{"line":191,"column":3}},"type":"if","locations":[{"start":{"line":189,"column":2},"end":{"line":191,"column":3}},{"start":{},"end":{}}],"line":189},"14":{"loc":{"start":{"line":202,"column":4},"end":{"line":204,"column":5}},"type":"if","locations":[{"start":{"line":202,"column":4},"end":{"line":204,"column":5}},{"start":{},"end":{}}],"line":202},"15":{"loc":{"start":{"line":222,"column":4},"end":{"line":224,"column":5}},"type":"if","locations":[{"start":{"line":222,"column":4},"end":{"line":224,"column":5}},{"start":{},"end":{}}],"line":222}},"s":{"0":0,"1":0,"2":0,"3":0,"4":0,"5":0,"6":0,"7":0,"8":0,"9":0,"10":0,"11":0,"12":0,"13":0,"14":0,"15":0,"16":0,"17":0,"18":0,"19":0,"20":0,"21":0,"22":0,"23":0,"24":0,"25":0,"26":0,"27":0,"28":0,"29":0,"30":0,"31":0,"32":0,"33":0,"34":0,"35":0,"36":0,"37":0,"38":0,"39":0,"40":0,"41":0,"42":0,"43":0,"44":0,"45":0,"46":0,"47":0,"48":0,"49":0,"50":0,"51":0,"52":0,"53":0,"54":0,"55":0,"56":0,"57":0,"58":0,"59":0,"60":0,"61":0,"62":0,"63":0,"64":0},"f":{"0":0,"1":0,"2":0,"3":0,"4":0,"5":0,"6":0},"b":{"0":[0],"1":[0],"2":[0,0],"3":[0,0,0,0,0],"4":[0,0],"5":[0,0],"6":[0],"7":[0,0],"8":[0,0,0,0,0],"9":[0,0],"10":[0,0],"11":[0,0],"12":[0,0],"13":[0,0],"14":[0,0],"15":[0,0]},"inputSourceMap":null}
,"/Users/leahmelendez/Documents/GitHub/Volunteering_WebApp/server/routes/notifs.routes.js": {"path":"/Users/leahmelendez/Documents/GitHub/Volunteering_WebApp/server/routes/notifs.routes.js","statementMap":{"0":{"start":{"line":14,"column":15},"end":{"line":14,"column":31}},"1":{"start":{"line":50,"column":0},"end":{"line":58,"column":3}},"2":{"start":{"line":51,"column":2},"end":{"line":57,"column":3}},"3":{"start":{"line":52,"column":26},"end":{"line":52,"column":69}},"4":{"start":{"line":53,"column":4},"end":{"line":53,"column":28}},"5":{"start":{"line":55,"column":4},"end":{"line":55,"column":62}},"6":{"start":{"line":56,"column":4},"end":{"line":56,"column":74}},"7":{"start":{"line":70,"column":0},"end":{"line":84,"column":3}},"8":{"start":{"line":71,"column":2},"end":{"line":83,"column":3}},"9":{"start":{"line":72,"column":15},"end":{"line":72,"column":38}},"10":{"start":{"line":73,"column":4},"end":{"line":73,"column":85}},"11":{"start":{"line":73,"column":19},"end":{"line":73,"column":85}},"12":{"start":{"line":75,"column":18},"end":{"line":75,"column":50}},"13":{"start":{"line":76,"column":4},"end":{"line":76,"column":81}},"14":{"start":{"line":76,"column":16},"end":{"line":76,"column":81}},"15":{"start":{"line":77,"column":4},"end":{"line":77,"column":96}},"16":{"start":{"line":77,"column":40},"end":{"line":77,"column":96}},"17":{"start":{"line":79,"column":4},"end":{"line":79,"column":78}},"18":{"start":{"line":81,"column":4},"end":{"line":81,"column":64}},"19":{"start":{"line":82,"column":4},"end":{"line":82,"column":75}}},"fnMap":{"0":{"name":"(anonymous_0)","decl":{"start":{"line":50,"column":45},"end":{"line":50,"column":46}},"loc":{"start":{"line":50,"column":65},"end":{"line":58,"column":1}},"line":50},"1":{"name":"(anonymous_1)","decl":{"start":{"line":70,"column":37},"end":{"line":70,"column":38}},"loc":{"start":{"line":70,"column":57},"end":{"line":84,"column":1}},"line":70}},"branchMap":{"0":{"loc":{"start":{"line":73,"column":4},"end":{"line":73,"column":85}},"type":"if","locations":[{"start":{"line":73,"column":4},"end":{"line":73,"column":85}},{"start":{},"end":{}}],"line":73},"1":{"loc":{"start":{"line":76,"column":4},"end":{"line":76,"column":81}},"type":"if","locations":[{"start":{"line":76,"column":4},"end":{"line":76,"column":81}},{"start":{},"end":{}}],"line":76},"2":{"loc":{"start":{"line":77,"column":4},"end":{"line":77,"column":96}},"type":"if","locations":[{"start":{"line":77,"column":4},"end":{"line":77,"column":96}},{"start":{},"end":{}}],"line":77}},"s":{"0":10,"1":10,"2":2,"3":2,"4":1,"5":1,"6":1,"7":10,"8":5,"9":5,"10":5,"11":1,"12":4,"13":3,"14":1,"15":2,"16":1,"17":1,"18":1,"19":1},"f":{"0":2,"1":5},"b":{"0":[1,4],"1":[1,2],"2":[1,1]},"inputSourceMap":null,"_coverageSchema":"1a1c01bbd47fc00a2c39e90264f33305004495a9","hash":"e0069673624b3e77830959a1a11972259bcd572f"}
,"/Users/leahmelendez/Documents/GitHub/Volunteering_WebApp/server/routes/profile.routes.js": {"path":"/Users/leahmelendez/Documents/GitHub/Volunteering_WebApp/server/routes/profile.routes.js","statementMap":{"0":{"start":{"line":5,"column":15},"end":{"line":5,"column":31}},"1":{"start":{"line":8,"column":0},"end":{"line":43,"column":3}},"2":{"start":{"line":9,"column":26},"end":{"line":9,"column":34}},"3":{"start":{"line":10,"column":2},"end":{"line":42,"column":3}},"4":{"start":{"line":11,"column":46},"end":{"line":29,"column":6}},"5":{"start":{"line":31,"column":4},"end":{"line":33,"column":5}},"6":{"start":{"line":32,"column":6},"end":{"line":32,"column":28}},"7":{"start":{"line":35,"column":20},"end":{"line":35,"column":38}},"8":{"start":{"line":36,"column":4},"end":{"line":36,"column":53}},"9":{"start":{"line":36,"column":45},"end":{"line":36,"column":51}},"10":{"start":{"line":37,"column":4},"end":{"line":37,"column":64}},"11":{"start":{"line":37,"column":50},"end":{"line":37,"column":62}},"12":{"start":{"line":38,"column":4},"end":{"line":38,"column":29}},"13":{"start":{"line":40,"column":4},"end":{"line":40,"column":44}},"14":{"start":{"line":41,"column":4},"end":{"line":41,"column":70}},"15":{"start":{"line":46,"column":0},"end":{"line":82,"column":3}},"16":{"start":{"line":47,"column":26},"end":{"line":47,"column":34}},"17":{"start":{"line":51,"column":6},"end":{"line":51,"column":20}},"18":{"start":{"line":53,"column":2},"end":{"line":55,"column":3}},"19":{"start":{"line":54,"column":4},"end":{"line":54,"column":78}},"20":{"start":{"line":57,"column":2},"end":{"line":81,"column":3}},"21":{"start":{"line":58,"column":19},"end":{"line":75,"column":5}},"22":{"start":{"line":77,"column":4},"end":{"line":77,"column":36}},"23":{"start":{"line":79,"column":4},"end":{"line":79,"column":46}},"24":{"start":{"line":80,"column":4},"end":{"line":80,"column":66}},"25":{"start":{"line":85,"column":0},"end":{"line":117,"column":3}},"26":{"start":{"line":86,"column":26},"end":{"line":86,"column":34}},"27":{"start":{"line":87,"column":17},"end":{"line":87,"column":99}},"28":{"start":{"line":87,"column":61},"end":{"line":87,"column":77}},"29":{"start":{"line":89,"column":2},"end":{"line":116,"column":3}},"30":{"start":{"line":90,"column":4},"end":{"line":90,"column":30}},"31":{"start":{"line":93,"column":21},"end":{"line":93,"column":23}},"32":{"start":{"line":94,"column":4},"end":{"line":102,"column":5}},"33":{"start":{"line":95,"column":21},"end":{"line":100,"column":7}},"34":{"start":{"line":101,"column":6},"end":{"line":101,"column":45}},"35":{"start":{"line":105,"column":4},"end":{"line":105,"column":77}},"36":{"start":{"line":106,"column":4},"end":{"line":108,"column":5}},"37":{"start":{"line":107,"column":6},"end":{"line":107,"column":101}},"38":{"start":{"line":110,"column":4},"end":{"line":110,"column":31}},"39":{"start":{"line":111,"column":4},"end":{"line":111,"column":58}},"40":{"start":{"line":113,"column":4},"end":{"line":113,"column":33}},"41":{"start":{"line":114,"column":4},"end":{"line":114,"column":47}},"42":{"start":{"line":115,"column":4},"end":{"line":115,"column":67}},"43":{"start":{"line":120,"column":0},"end":{"line":136,"column":3}},"44":{"start":{"line":121,"column":26},"end":{"line":121,"column":34}},"45":{"start":{"line":122,"column":16},"end":{"line":122,"column":55}},"46":{"start":{"line":123,"column":2},"end":{"line":135,"column":3}},"47":{"start":{"line":124,"column":4},"end":{"line":124,"column":30}},"48":{"start":{"line":125,"column":4},"end":{"line":125,"column":83}},"49":{"start":{"line":126,"column":4},"end":{"line":128,"column":5}},"50":{"start":{"line":127,"column":6},"end":{"line":127,"column":109}},"51":{"start":{"line":129,"column":4},"end":{"line":129,"column":31}},"52":{"start":{"line":130,"column":4},"end":{"line":130,"column":55}},"53":{"start":{"line":132,"column":4},"end":{"line":132,"column":33}},"54":{"start":{"line":133,"column":4},"end":{"line":133,"column":53}},"55":{"start":{"line":134,"column":4},"end":{"line":134,"column":73}},"56":{"start":{"line":139,"column":0},"end":{"line":167,"column":3}},"57":{"start":{"line":140,"column":26},"end":{"line":140,"column":34}},"58":{"start":{"line":141,"column":2},"end":{"line":166,"column":3}},"59":{"start":{"line":142,"column":28},"end":{"line":145,"column":6}},"60":{"start":{"line":147,"column":4},"end":{"line":149,"column":5}},"61":{"start":{"line":148,"column":6},"end":{"line":148,"column":110}},"62":{"start":{"line":150,"column":4},"end":{"line":152,"column":5}},"63":{"start":{"line":151,"column":6},"end":{"line":151,"column":122}},"64":{"start":{"line":154,"column":16},"end":{"line":160,"column":5}},"65":{"start":{"line":162,"column":4},"end":{"line":162,"column":83}},"66":{"start":{"line":164,"column":4},"end":{"line":164,"column":50}},"67":{"start":{"line":165,"column":4},"end":{"line":165,"column":73}}},"fnMap":{"0":{"name":"(anonymous_0)","decl":{"start":{"line":8,"column":31},"end":{"line":8,"column":32}},"loc":{"start":{"line":8,"column":51},"end":{"line":43,"column":1}},"line":8},"1":{"name":"(anonymous_1)","decl":{"start":{"line":36,"column":40},"end":{"line":36,"column":41}},"loc":{"start":{"line":36,"column":45},"end":{"line":36,"column":51}},"line":36},"2":{"name":"(anonymous_2)","decl":{"start":{"line":37,"column":45},"end":{"line":37,"column":46}},"loc":{"start":{"line":37,"column":50},"end":{"line":37,"column":62}},"line":37},"3":{"name":"(anonymous_3)","decl":{"start":{"line":46,"column":30},"end":{"line":46,"column":31}},"loc":{"start":{"line":46,"column":50},"end":{"line":82,"column":1}},"line":46},"4":{"name":"(anonymous_4)","decl":{"start":{"line":85,"column":35},"end":{"line":85,"column":36}},"loc":{"start":{"line":85,"column":55},"end":{"line":117,"column":1}},"line":85},"5":{"name":"(anonymous_5)","decl":{"start":{"line":87,"column":56},"end":{"line":87,"column":57}},"loc":{"start":{"line":87,"column":61},"end":{"line":87,"column":77}},"line":87},"6":{"name":"(anonymous_6)","decl":{"start":{"line":120,"column":41},"end":{"line":120,"column":42}},"loc":{"start":{"line":120,"column":61},"end":{"line":136,"column":1}},"line":120},"7":{"name":"(anonymous_7)","decl":{"start":{"line":139,"column":38},"end":{"line":139,"column":39}},"loc":{"start":{"line":139,"column":58},"end":{"line":167,"column":1}},"line":139}},"branchMap":{"0":{"loc":{"start":{"line":31,"column":4},"end":{"line":33,"column":5}},"type":"if","locations":[{"start":{"line":31,"column":4},"end":{"line":33,"column":5}},{"start":{},"end":{}}],"line":31},"1":{"loc":{"start":{"line":51,"column":6},"end":{"line":51,"column":20}},"type":"binary-expr","locations":[{"start":{"line":51,"column":6},"end":{"line":51,"column":14}},{"start":{"line":51,"column":18},"end":{"line":51,"column":20}}],"line":51},"2":{"loc":{"start":{"line":53,"column":2},"end":{"line":55,"column":3}},"type":"if","locations":[{"start":{"line":53,"column":2},"end":{"line":55,"column":3}},{"start":{},"end":{}}],"line":53},"3":{"loc":{"start":{"line":53,"column":6},"end":{"line":53,"column":81}},"type":"binary-expr","locations":[{"start":{"line":53,"column":6},"end":{"line":53,"column":17}},{"start":{"line":53,"column":21},"end":{"line":53,"column":31}},{"start":{"line":53,"column":35},"end":{"line":53,"column":44}},{"start":{"line":53,"column":48},"end":{"line":53,"column":53}},{"start":{"line":53,"column":57},"end":{"line":53,"column":68}},{"start":{"line":53,"column":72},"end":{"line":53,"column":81}}],"line":53},"4":{"loc":{"start":{"line":74,"column":48},"end":{"line":74,"column":64}},"type":"binary-expr","locations":[{"start":{"line":74,"column":48},"end":{"line":74,"column":56}},{"start":{"line":74,"column":60},"end":{"line":74,"column":64}}],"line":74},"5":{"loc":{"start":{"line":74,"column":94},"end":{"line":74,"column":113}},"type":"binary-expr","locations":[{"start":{"line":74,"column":94},"end":{"line":74,"column":105}},{"start":{"line":74,"column":109},"end":{"line":74,"column":113}}],"line":74},"6":{"loc":{"start":{"line":87,"column":17},"end":{"line":87,"column":99}},"type":"cond-expr","locations":[{"start":{"line":87,"column":43},"end":{"line":87,"column":94}},{"start":{"line":87,"column":97},"end":{"line":87,"column":99}}],"line":87},"7":{"loc":{"start":{"line":122,"column":16},"end":{"line":122,"column":55}},"type":"cond-expr","locations":[{"start":{"line":122,"column":42},"end":{"line":122,"column":50}},{"start":{"line":122,"column":53},"end":{"line":122,"column":55}}],"line":122},"8":{"loc":{"start":{"line":147,"column":4},"end":{"line":149,"column":5}},"type":"if","locations":[{"start":{"line":147,"column":4},"end":{"line":149,"column":5}},{"start":{},"end":{}}],"line":147},"9":{"loc":{"start":{"line":150,"column":4},"end":{"line":152,"column":5}},"type":"if","locations":[{"start":{"line":150,"column":4},"end":{"line":152,"column":5}},{"start":{},"end":{}}],"line":150}},"s":{"0":1,"1":1,"2":3,"3":3,"4":3,"5":2,"6":1,"7":1,"8":1,"9":2,"10":1,"11":2,"12":1,"13":1,"14":1,"15":1,"16":2,"17":2,"18":2,"19":0,"20":2,"21":2,"22":1,"23":1,"24":1,"25":1,"26":3,"27":3,"28":2,"29":3,"30":3,"31":3,"32":3,"33":2,"34":1,"35":2,"36":2,"37":1,"38":2,"39":2,"40":1,"41":1,"42":1,"43":1,"44":2,"45":2,"46":2,"47":2,"48":2,"49":2,"50":3,"51":1,"52":1,"53":1,"54":1,"55":1,"56":1,"57":4,"58":4,"59":4,"60":4,"61":1,"62":3,"63":1,"64":2,"65":1,"66":1,"67":1},"f":{"0":3,"1":2,"2":2,"3":2,"4":3,"5":2,"6":2,"7":4},"b":{"0":[1,1],"1":[2,0],"2":[0,2],"3":[2,2,2,2,2,2],"4":[2,2],"5":[2,1],"6":[3,0],"7":[2,0],"8":[1,3],"9":[1,2]},"inputSourceMap":null,"_coverageSchema":"1a1c01bbd47fc00a2c39e90264f33305004495a9","hash":"d5f2489cbb62b788baf7bcdfb2e20b3852460bbd"}
,"/Users/leahmelendez/Documents/GitHub/Volunteering_WebApp/server/routes/volunteerDash.routes.js": {"path":"/Users/leahmelendez/Documents/GitHub/Volunteering_WebApp/server/routes/volunteerDash.routes.js","statementMap":{"0":{"start":{"line":5,"column":15},"end":{"line":5,"column":31}},"1":{"start":{"line":7,"column":0},"end":{"line":7,"column":46}},"2":{"start":{"line":11,"column":0},"end":{"line":131,"column":3}},"3":{"start":{"line":12,"column":17},"end":{"line":12,"column":29}},"4":{"start":{"line":14,"column":2},"end":{"line":14,"column":44}},"5":{"start":{"line":15,"column":2},"end":{"line":15,"column":48}},"6":{"start":{"line":18,"column":2},"end":{"line":130,"column":3}},"7":{"start":{"line":20,"column":4},"end":{"line":20,"column":58}},"8":{"start":{"line":23,"column":92},"end":{"line":91,"column":6}},"9":{"start":{"line":95,"column":4},"end":{"line":95,"column":58}},"10":{"start":{"line":97,"column":18},"end":{"line":97,"column":94}},"11":{"start":{"line":99,"column":23},"end":{"line":99,"column":48}},"12":{"start":{"line":101,"column":4},"end":{"line":101,"column":50}},"13":{"start":{"line":103,"column":27},"end":{"line":105,"column":9}},"14":{"start":{"line":108,"column":37},"end":{"line":108,"column":100}},"15":{"start":{"line":110,"column":4},"end":{"line":126,"column":7}},"16":{"start":{"line":128,"column":4},"end":{"line":128,"column":53}},"17":{"start":{"line":129,"column":4},"end":{"line":129,"column":74}}},"fnMap":{"0":{"name":"(anonymous_0)","decl":{"start":{"line":11,"column":29},"end":{"line":11,"column":30}},"loc":{"start":{"line":11,"column":49},"end":{"line":131,"column":1}},"line":11}},"branchMap":{"0":{"loc":{"start":{"line":97,"column":18},"end":{"line":97,"column":94}},"type":"binary-expr","locations":[{"start":{"line":97,"column":18},"end":{"line":97,"column":34}},{"start":{"line":97,"column":38},"end":{"line":97,"column":94}}],"line":97},"1":{"loc":{"start":{"line":103,"column":27},"end":{"line":105,"column":9}},"type":"cond-expr","locations":[{"start":{"line":104,"column":8},"end":{"line":104,"column":71}},{"start":{"line":105,"column":8},"end":{"line":105,"column":9}}],"line":103},"2":{"loc":{"start":{"line":108,"column":37},"end":{"line":108,"column":100}},"type":"binary-expr","locations":[{"start":{"line":108,"column":37},"end":{"line":108,"column":95}},{"start":{"line":108,"column":99},"end":{"line":108,"column":100}}],"line":108},"3":{"loc":{"start":{"line":111,"column":15},"end":{"line":111,"column":41}},"type":"binary-expr","locations":[{"start":{"line":111,"column":15},"end":{"line":111,"column":33}},{"start":{"line":111,"column":37},"end":{"line":111,"column":41}}],"line":111},"4":{"loc":{"start":{"line":112,"column":31},"end":{"line":112,"column":61}},"type":"binary-expr","locations":[{"start":{"line":112,"column":31},"end":{"line":112,"column":56}},{"start":{"line":112,"column":60},"end":{"line":112,"column":61}}],"line":112}},"s":{"0":1,"1":1,"2":1,"3":7,"4":7,"5":7,"6":7,"7":7,"8":7,"9":6,"10":6,"11":6,"12":6,"13":6,"14":6,"15":6,"16":1,"17":1},"f":{"0":7},"b":{"0":[6,1],"1":[5,1],"2":[6,1],"3":[6,1],"4":[6,0]},"inputSourceMap":null,"_coverageSchema":"1a1c01bbd47fc00a2c39e90264f33305004495a9","hash":"8b4aac42aef52d18bc5477d557e5f2713fb0d6a1"}
,"/Users/leahmelendez/Documents/GitHub/Volunteering_WebApp/server/routes/volunteerHist.routes.js": {"path":"/Users/leahmelendez/Documents/GitHub/Volunteering_WebApp/server/routes/volunteerHist.routes.js","statementMap":{"0":{"start":{"line":5,"column":15},"end":{"line":5,"column":31}},"1":{"start":{"line":8,"column":0},"end":{"line":83,"column":3}},"2":{"start":{"line":9,"column":2},"end":{"line":82,"column":3}},"3":{"start":{"line":10,"column":21},"end":{"line":10,"column":29}},"4":{"start":{"line":13,"column":4},"end":{"line":50,"column":5}},"5":{"start":{"line":14,"column":20},"end":{"line":40,"column":7}},"6":{"start":{"line":42,"column":21},"end":{"line":42,"column":44}},"7":{"start":{"line":45,"column":6},"end":{"line":47,"column":7}},"8":{"start":{"line":46,"column":8},"end":{"line":46,"column":28}},"9":{"start":{"line":49,"column":6},"end":{"line":49,"column":35}},"10":{"start":{"line":53,"column":24},"end":{"line":53,"column":36}},"11":{"start":{"line":54,"column":18},"end":{"line":67,"column":5}},"12":{"start":{"line":69,"column":19},"end":{"line":69,"column":57}},"13":{"start":{"line":72,"column":4},"end":{"line":75,"column":5}},"14":{"start":{"line":74,"column":6},"end":{"line":74,"column":26}},"15":{"start":{"line":77,"column":4},"end":{"line":77,"column":26}},"16":{"start":{"line":79,"column":4},"end":{"line":79,"column":60}},"17":{"start":{"line":81,"column":4},"end":{"line":81,"column":120}}},"fnMap":{"0":{"name":"(anonymous_0)","decl":{"start":{"line":8,"column":29},"end":{"line":8,"column":30}},"loc":{"start":{"line":8,"column":49},"end":{"line":83,"column":1}},"line":8}},"branchMap":{"0":{"loc":{"start":{"line":13,"column":4},"end":{"line":50,"column":5}},"type":"if","locations":[{"start":{"line":13,"column":4},"end":{"line":50,"column":5}},{"start":{},"end":{}}],"line":13},"1":{"loc":{"start":{"line":45,"column":6},"end":{"line":47,"column":7}},"type":"if","locations":[{"start":{"line":45,"column":6},"end":{"line":47,"column":7}},{"start":{},"end":{}}],"line":45},"2":{"loc":{"start":{"line":72,"column":4},"end":{"line":75,"column":5}},"type":"if","locations":[{"start":{"line":72,"column":4},"end":{"line":75,"column":5}},{"start":{},"end":{}}],"line":72}},"s":{"0":1,"1":1,"2":5,"3":5,"4":5,"5":2,"6":2,"7":2,"8":1,"9":1,"10":3,"11":3,"12":3,"13":2,"14":1,"15":1,"16":1,"17":1},"f":{"0":5},"b":{"0":[2,3],"1":[1,1],"2":[1,1]},"inputSourceMap":null,"_coverageSchema":"1a1c01bbd47fc00a2c39e90264f33305004495a9","hash":"ff93aa7e434d23ab041bfacc96956284acbfdc84"}
,"/Users/leahmelendez/Documents/GitHub/Volunteering_WebApp/server/routes/volunteer_matching.routes.js": {"path":"/Users/leahmelendez/Documents/GitHub/Volunteering_WebApp/server/routes/volunteer_matching.routes.js","statementMap":{"0":{"start":{"line":14,"column":2},"end":{"line":68,"column":3}},"1":{"start":{"line":15,"column":19},"end":{"line":28,"column":6}},"2":{"start":{"line":31,"column":23},"end":{"line":31,"column":25}},"3":{"start":{"line":32,"column":4},"end":{"line":62,"column":5}},"4":{"start":{"line":34,"column":27},"end":{"line":40,"column":18}},"5":{"start":{"line":43,"column":26},"end":{"line":48,"column":18}},"6":{"start":{"line":50,"column":6},"end":{"line":61,"column":9}},"7":{"start":{"line":57,"column":43},"end":{"line":57,"column":49}},"8":{"start":{"line":58,"column":48},"end":{"line":58,"column":60}},"9":{"start":{"line":64,"column":4},"end":{"line":64,"column":22}},"10":{"start":{"line":66,"column":4},"end":{"line":66,"column":55}},"11":{"start":{"line":67,"column":4},"end":{"line":67,"column":14}},"12":{"start":{"line":73,"column":2},"end":{"line":101,"column":3}},"13":{"start":{"line":74,"column":19},"end":{"line":86,"column":6}},"14":{"start":{"line":88,"column":4},"end":{"line":97,"column":8}},"15":{"start":{"line":88,"column":35},"end":{"line":97,"column":5}},"16":{"start":{"line":93,"column":85},"end":{"line":93,"column":93}},"17":{"start":{"line":99,"column":4},"end":{"line":99,"column":51}},"18":{"start":{"line":100,"column":4},"end":{"line":100,"column":14}},"19":{"start":{"line":106,"column":2},"end":{"line":106,"column":43}},"20":{"start":{"line":106,"column":29},"end":{"line":106,"column":43}},"21":{"start":{"line":107,"column":2},"end":{"line":107,"column":94}},"22":{"start":{"line":107,"column":34},"end":{"line":107,"column":94}},"23":{"start":{"line":107,"column":68},"end":{"line":107,"column":76}},"24":{"start":{"line":108,"column":2},"end":{"line":108,"column":12}},"25":{"start":{"line":113,"column":2},"end":{"line":113,"column":57}},"26":{"start":{"line":113,"column":48},"end":{"line":113,"column":57}},"27":{"start":{"line":116,"column":24},"end":{"line":116,"column":52}},"28":{"start":{"line":117,"column":25},"end":{"line":117,"column":59}},"29":{"start":{"line":119,"column":2},"end":{"line":121,"column":3}},"30":{"start":{"line":120,"column":4},"end":{"line":120,"column":14}},"31":{"start":{"line":123,"column":2},"end":{"line":123,"column":11}},"32":{"start":{"line":128,"column":14},"end":{"line":128,"column":15}},"33":{"start":{"line":130,"column":26},"end":{"line":130,"column":48}},"34":{"start":{"line":131,"column":25},"end":{"line":131,"column":65}},"35":{"start":{"line":134,"column":2},"end":{"line":143,"column":3}},"36":{"start":{"line":135,"column":27},"end":{"line":137,"column":5}},"37":{"start":{"line":136,"column":6},"end":{"line":136,"column":74}},"38":{"start":{"line":136,"column":33},"end":{"line":136,"column":73}},"39":{"start":{"line":138,"column":23},"end":{"line":138,"column":75}},"40":{"start":{"line":139,"column":4},"end":{"line":139,"column":24}},"41":{"start":{"line":142,"column":4},"end":{"line":142,"column":16}},"42":{"start":{"line":146,"column":26},"end":{"line":146,"column":95}},"43":{"start":{"line":147,"column":2},"end":{"line":149,"column":3}},"44":{"start":{"line":148,"column":4},"end":{"line":148,"column":16}},"45":{"start":{"line":152,"column":2},"end":{"line":152,"column":52}},"46":{"start":{"line":155,"column":2},"end":{"line":165,"column":3}},"47":{"start":{"line":156,"column":32},"end":{"line":161,"column":6}},"48":{"start":{"line":157,"column":31},"end":{"line":157,"column":70}},"49":{"start":{"line":158,"column":24},"end":{"line":158,"column":56}},"50":{"start":{"line":159,"column":22},"end":{"line":159,"column":40}},"51":{"start":{"line":160,"column":6},"end":{"line":160,"column":79}},"52":{"start":{"line":162,"column":4},"end":{"line":164,"column":5}},"53":{"start":{"line":163,"column":6},"end":{"line":163,"column":17}},"54":{"start":{"line":167,"column":2},"end":{"line":167,"column":27}},"55":{"start":{"line":172,"column":2},"end":{"line":197,"column":3}},"56":{"start":{"line":173,"column":19},"end":{"line":173,"column":39}},"57":{"start":{"line":174,"column":18},"end":{"line":174,"column":62}},"58":{"start":{"line":174,"column":35},"end":{"line":174,"column":61}},"59":{"start":{"line":176,"column":4},"end":{"line":179,"column":5}},"60":{"start":{"line":177,"column":6},"end":{"line":177,"column":48}},"61":{"start":{"line":178,"column":6},"end":{"line":178,"column":16}},"62":{"start":{"line":181,"column":23},"end":{"line":181,"column":47}},"63":{"start":{"line":183,"column":20},"end":{"line":191,"column":50}},"64":{"start":{"line":184,"column":27},"end":{"line":184,"column":46}},"65":{"start":{"line":185,"column":25},"end":{"line":189,"column":7}},"66":{"start":{"line":190,"column":23},"end":{"line":190,"column":45}},"67":{"start":{"line":191,"column":22},"end":{"line":191,"column":49}},"68":{"start":{"line":193,"column":4},"end":{"line":193,"column":19}},"69":{"start":{"line":195,"column":4},"end":{"line":195,"column":61}},"70":{"start":{"line":196,"column":4},"end":{"line":196,"column":14}},"71":{"start":{"line":202,"column":2},"end":{"line":233,"column":3}},"72":{"start":{"line":203,"column":23},"end":{"line":203,"column":47}},"73":{"start":{"line":204,"column":22},"end":{"line":204,"column":74}},"74":{"start":{"line":204,"column":43},"end":{"line":204,"column":73}},"75":{"start":{"line":206,"column":4},"end":{"line":209,"column":5}},"76":{"start":{"line":207,"column":6},"end":{"line":207,"column":73}},"77":{"start":{"line":208,"column":6},"end":{"line":208,"column":16}},"78":{"start":{"line":211,"column":19},"end":{"line":211,"column":39}},"79":{"start":{"line":213,"column":20},"end":{"line":227,"column":50}},"80":{"start":{"line":216,"column":26},"end":{"line":216,"column":46}},"81":{"start":{"line":217,"column":22},"end":{"line":217,"column":32}},"82":{"start":{"line":218,"column":8},"end":{"line":218,"column":35}},"83":{"start":{"line":219,"column":8},"end":{"line":219,"column":34}},"84":{"start":{"line":221,"column":21},"end":{"line":225,"column":7}},"85":{"start":{"line":226,"column":23},"end":{"line":226,"column":45}},"86":{"start":{"line":227,"column":22},"end":{"line":227,"column":49}},"87":{"start":{"line":229,"column":4},"end":{"line":229,"column":19}},"88":{"start":{"line":231,"column":4},"end":{"line":231,"column":65}},"89":{"start":{"line":232,"column":4},"end":{"line":232,"column":14}},"90":{"start":{"line":238,"column":2},"end":{"line":258,"column":3}},"91":{"start":{"line":239,"column":4},"end":{"line":253,"column":7}},"92":{"start":{"line":255,"column":4},"end":{"line":255,"column":51}},"93":{"start":{"line":257,"column":4},"end":{"line":257,"column":68}},"94":{"start":{"line":263,"column":2},"end":{"line":306,"column":3}},"95":{"start":{"line":264,"column":4},"end":{"line":264,"column":40}},"96":{"start":{"line":266,"column":23},"end":{"line":266,"column":47}},"97":{"start":{"line":267,"column":19},"end":{"line":267,"column":39}},"98":{"start":{"line":269,"column":22},"end":{"line":269,"column":74}},"99":{"start":{"line":269,"column":43},"end":{"line":269,"column":73}},"100":{"start":{"line":270,"column":18},"end":{"line":270,"column":62}},"101":{"start":{"line":270,"column":35},"end":{"line":270,"column":61}},"102":{"start":{"line":272,"column":4},"end":{"line":274,"column":5}},"103":{"start":{"line":273,"column":6},"end":{"line":273,"column":54}},"104":{"start":{"line":276,"column":23},"end":{"line":276,"column":60}},"105":{"start":{"line":279,"column":21},"end":{"line":282,"column":30}},"106":{"start":{"line":284,"column":4},"end":{"line":286,"column":5}},"107":{"start":{"line":285,"column":6},"end":{"line":285,"column":66}},"108":{"start":{"line":288,"column":19},"end":{"line":292,"column":49}},"109":{"start":{"line":294,"column":4},"end":{"line":302,"column":6}},"110":{"start":{"line":304,"column":4},"end":{"line":304,"column":55}},"111":{"start":{"line":305,"column":4},"end":{"line":305,"column":16}},"112":{"start":{"line":311,"column":2},"end":{"line":364,"column":3}},"113":{"start":{"line":312,"column":4},"end":{"line":312,"column":40}},"114":{"start":{"line":314,"column":19},"end":{"line":325,"column":6}},"115":{"start":{"line":327,"column":4},"end":{"line":329,"column":5}},"116":{"start":{"line":328,"column":6},"end":{"line":328,"column":16}},"117":{"start":{"line":332,"column":23},"end":{"line":332,"column":47}},"118":{"start":{"line":333,"column":19},"end":{"line":333,"column":39}},"119":{"start":{"line":335,"column":4},"end":{"line":360,"column":7}},"120":{"start":{"line":336,"column":24},"end":{"line":336,"column":73}},"121":{"start":{"line":336,"column":45},"end":{"line":336,"column":72}},"122":{"start":{"line":337,"column":20},"end":{"line":337,"column":61}},"123":{"start":{"line":337,"column":37},"end":{"line":337,"column":60}},"124":{"start":{"line":339,"column":6},"end":{"line":359,"column":8}},"125":{"start":{"line":362,"column":4},"end":{"line":362,"column":56}},"126":{"start":{"line":363,"column":4},"end":{"line":363,"column":14}},"127":{"start":{"line":369,"column":2},"end":{"line":400,"column":3}},"128":{"start":{"line":370,"column":4},"end":{"line":370,"column":40}},"129":{"start":{"line":372,"column":26},"end":{"line":372,"column":75}},"130":{"start":{"line":373,"column":4},"end":{"line":375,"column":5}},"131":{"start":{"line":374,"column":6},"end":{"line":374,"column":40}},"132":{"start":{"line":377,"column":19},"end":{"line":382,"column":25}},"133":{"start":{"line":384,"column":4},"end":{"line":386,"column":5}},"134":{"start":{"line":385,"column":6},"end":{"line":385,"column":41}},"135":{"start":{"line":388,"column":4},"end":{"line":396,"column":6}},"136":{"start":{"line":398,"column":4},"end":{"line":398,"column":57}},"137":{"start":{"line":399,"column":4},"end":{"line":399,"column":16}},"138":{"start":{"line":405,"column":2},"end":{"line":450,"column":3}},"139":{"start":{"line":406,"column":4},"end":{"line":406,"column":40}},"140":{"start":{"line":408,"column":19},"end":{"line":420,"column":21}},"141":{"start":{"line":422,"column":4},"end":{"line":424,"column":5}},"142":{"start":{"line":423,"column":6},"end":{"line":423,"column":16}},"143":{"start":{"line":426,"column":19},"end":{"line":426,"column":39}},"144":{"start":{"line":428,"column":4},"end":{"line":446,"column":7}},"145":{"start":{"line":429,"column":20},"end":{"line":429,"column":61}},"146":{"start":{"line":429,"column":37},"end":{"line":429,"column":60}},"147":{"start":{"line":430,"column":6},"end":{"line":445,"column":8}},"148":{"start":{"line":448,"column":4},"end":{"line":448,"column":62}},"149":{"start":{"line":449,"column":4},"end":{"line":449,"column":14}},"150":{"start":{"line":457,"column":15},"end":{"line":457,"column":31}},"151":{"start":{"line":460,"column":0},"end":{"line":475,"column":3}},"152":{"start":{"line":461,"column":2},"end":{"line":474,"column":3}},"153":{"start":{"line":462,"column":24},"end":{"line":462,"column":34}},"154":{"start":{"line":463,"column":23},"end":{"line":463,"column":40}},"155":{"start":{"line":465,"column":4},"end":{"line":467,"column":5}},"156":{"start":{"line":466,"column":6},"end":{"line":466,"column":65}},"157":{"start":{"line":469,"column":20},"end":{"line":469,"column":57}},"158":{"start":{"line":470,"column":4},"end":{"line":470,"column":22}},"159":{"start":{"line":472,"column":4},"end":{"line":472,"column":61}},"160":{"start":{"line":473,"column":4},"end":{"line":473,"column":62}},"161":{"start":{"line":478,"column":0},"end":{"line":493,"column":3}},"162":{"start":{"line":479,"column":2},"end":{"line":492,"column":3}},"163":{"start":{"line":480,"column":28},"end":{"line":480,"column":38}},"164":{"start":{"line":481,"column":27},"end":{"line":481,"column":48}},"165":{"start":{"line":483,"column":4},"end":{"line":485,"column":5}},"166":{"start":{"line":484,"column":6},"end":{"line":484,"column":69}},"167":{"start":{"line":487,"column":20},"end":{"line":487,"column":65}},"168":{"start":{"line":488,"column":4},"end":{"line":488,"column":22}},"169":{"start":{"line":490,"column":4},"end":{"line":490,"column":65}},"170":{"start":{"line":491,"column":4},"end":{"line":491,"column":62}},"171":{"start":{"line":496,"column":0},"end":{"line":510,"column":3}},"172":{"start":{"line":497,"column":2},"end":{"line":509,"column":3}},"173":{"start":{"line":498,"column":21},"end":{"line":498,"column":29}},"174":{"start":{"line":500,"column":4},"end":{"line":502,"column":5}},"175":{"start":{"line":501,"column":6},"end":{"line":501,"column":62}},"176":{"start":{"line":504,"column":20},"end":{"line":504,"column":41}},"177":{"start":{"line":505,"column":4},"end":{"line":505,"column":22}},"178":{"start":{"line":507,"column":4},"end":{"line":507,"column":55}},"179":{"start":{"line":508,"column":4},"end":{"line":508,"column":61}},"180":{"start":{"line":513,"column":0},"end":{"line":542,"column":3}},"181":{"start":{"line":514,"column":2},"end":{"line":541,"column":3}},"182":{"start":{"line":515,"column":21},"end":{"line":515,"column":29}},"183":{"start":{"line":517,"column":4},"end":{"line":519,"column":5}},"184":{"start":{"line":518,"column":6},"end":{"line":518,"column":62}},"185":{"start":{"line":521,"column":44},"end":{"line":521,"column":52}},"186":{"start":{"line":524,"column":4},"end":{"line":526,"column":5}},"187":{"start":{"line":525,"column":6},"end":{"line":525,"column":85}},"188":{"start":{"line":528,"column":4},"end":{"line":530,"column":5}},"189":{"start":{"line":529,"column":6},"end":{"line":529,"column":88}},"190":{"start":{"line":532,"column":4},"end":{"line":534,"column":5}},"191":{"start":{"line":533,"column":6},"end":{"line":533,"column":71}},"192":{"start":{"line":536,"column":23},"end":{"line":536,"column":86}},"193":{"start":{"line":537,"column":4},"end":{"line":537,"column":37}},"194":{"start":{"line":539,"column":4},"end":{"line":539,"column":55}},"195":{"start":{"line":540,"column":4},"end":{"line":540,"column":83}},"196":{"start":{"line":545,"column":0},"end":{"line":570,"column":3}},"197":{"start":{"line":546,"column":2},"end":{"line":569,"column":3}},"198":{"start":{"line":547,"column":24},"end":{"line":547,"column":34}},"199":{"start":{"line":548,"column":23},"end":{"line":548,"column":31}},"200":{"start":{"line":550,"column":23},"end":{"line":550,"column":40}},"201":{"start":{"line":551,"column":4},"end":{"line":553,"column":5}},"202":{"start":{"line":552,"column":6},"end":{"line":552,"column":65}},"203":{"start":{"line":555,"column":4},"end":{"line":557,"column":5}},"204":{"start":{"line":556,"column":6},"end":{"line":556,"column":88}},"205":{"start":{"line":559,"column":26},"end":{"line":559,"column":75}},"206":{"start":{"line":560,"column":4},"end":{"line":562,"column":5}},"207":{"start":{"line":561,"column":6},"end":{"line":561,"column":108}},"208":{"start":{"line":564,"column":25},"end":{"line":564,"column":68}},"209":{"start":{"line":565,"column":4},"end":{"line":565,"column":27}},"210":{"start":{"line":567,"column":4},"end":{"line":567,"column":57}},"211":{"start":{"line":568,"column":4},"end":{"line":568,"column":86}},"212":{"start":{"line":573,"column":0},"end":{"line":588,"column":3}},"213":{"start":{"line":574,"column":2},"end":{"line":587,"column":3}},"214":{"start":{"line":575,"column":28},"end":{"line":575,"column":38}},"215":{"start":{"line":576,"column":27},"end":{"line":576,"column":48}},"216":{"start":{"line":578,"column":4},"end":{"line":580,"column":5}},"217":{"start":{"line":579,"column":6},"end":{"line":579,"column":69}},"218":{"start":{"line":582,"column":20},"end":{"line":582,"column":61}},"219":{"start":{"line":583,"column":4},"end":{"line":583,"column":22}},"220":{"start":{"line":585,"column":4},"end":{"line":585,"column":61}},"221":{"start":{"line":586,"column":4},"end":{"line":586,"column":71}},"222":{"start":{"line":591,"column":0},"end":{"line":612,"column":3}},"223":{"start":{"line":592,"column":2},"end":{"line":611,"column":3}},"224":{"start":{"line":593,"column":21},"end":{"line":593,"column":29}},"225":{"start":{"line":595,"column":4},"end":{"line":597,"column":5}},"226":{"start":{"line":596,"column":6},"end":{"line":596,"column":62}},"227":{"start":{"line":599,"column":24},"end":{"line":599,"column":34}},"228":{"start":{"line":600,"column":23},"end":{"line":600,"column":40}},"229":{"start":{"line":602,"column":4},"end":{"line":604,"column":5}},"230":{"start":{"line":603,"column":6},"end":{"line":603,"column":65}},"231":{"start":{"line":606,"column":20},"end":{"line":606,"column":57}},"232":{"start":{"line":607,"column":4},"end":{"line":607,"column":22}},"233":{"start":{"line":609,"column":4},"end":{"line":609,"column":54}},"234":{"start":{"line":610,"column":4},"end":{"line":610,"column":66}}},"fnMap":{"0":{"name":"getAllVolunteers","decl":{"start":{"line":13,"column":15},"end":{"line":13,"column":31}},"loc":{"start":{"line":13,"column":34},"end":{"line":69,"column":1}},"line":13},"1":{"name":"(anonymous_1)","decl":{"start":{"line":57,"column":38},"end":{"line":57,"column":39}},"loc":{"start":{"line":57,"column":43},"end":{"line":57,"column":49}},"line":57},"2":{"name":"(anonymous_2)","decl":{"start":{"line":58,"column":43},"end":{"line":58,"column":44}},"loc":{"start":{"line":58,"column":48},"end":{"line":58,"column":60}},"line":58},"3":{"name":"getAllEvents","decl":{"start":{"line":72,"column":15},"end":{"line":72,"column":27}},"loc":{"start":{"line":72,"column":30},"end":{"line":102,"column":1}},"line":72},"4":{"name":"(anonymous_4)","decl":{"start":{"line":88,"column":27},"end":{"line":88,"column":28}},"loc":{"start":{"line":88,"column":35},"end":{"line":97,"column":5}},"line":88},"5":{"name":"(anonymous_5)","decl":{"start":{"line":93,"column":80},"end":{"line":93,"column":81}},"loc":{"start":{"line":93,"column":85},"end":{"line":93,"column":93}},"line":93},"6":{"name":"parseSkills","decl":{"start":{"line":105,"column":9},"end":{"line":105,"column":20}},"loc":{"start":{"line":105,"column":29},"end":{"line":109,"column":1}},"line":105},"7":{"name":"(anonymous_7)","decl":{"start":{"line":107,"column":63},"end":{"line":107,"column":64}},"loc":{"start":{"line":107,"column":68},"end":{"line":107,"column":76}},"line":107},"8":{"name":"calculateLocationScore","decl":{"start":{"line":112,"column":9},"end":{"line":112,"column":31}},"loc":{"start":{"line":112,"column":50},"end":{"line":124,"column":1}},"line":112},"9":{"name":"calculateMatchScore","decl":{"start":{"line":127,"column":9},"end":{"line":127,"column":28}},"loc":{"start":{"line":127,"column":47},"end":{"line":168,"column":1}},"line":127},"10":{"name":"(anonymous_10)","decl":{"start":{"line":135,"column":49},"end":{"line":135,"column":50}},"loc":{"start":{"line":136,"column":6},"end":{"line":136,"column":74}},"line":136},"11":{"name":"(anonymous_11)","decl":{"start":{"line":136,"column":27},"end":{"line":136,"column":28}},"loc":{"start":{"line":136,"column":33},"end":{"line":136,"column":73}},"line":136},"12":{"name":"(anonymous_12)","decl":{"start":{"line":156,"column":61},"end":{"line":156,"column":62}},"loc":{"start":{"line":156,"column":69},"end":{"line":161,"column":5}},"line":156},"13":{"name":"findMatchesForEvent","decl":{"start":{"line":171,"column":15},"end":{"line":171,"column":34}},"loc":{"start":{"line":171,"column":44},"end":{"line":198,"column":1}},"line":171},"14":{"name":"(anonymous_14)","decl":{"start":{"line":174,"column":30},"end":{"line":174,"column":31}},"loc":{"start":{"line":174,"column":35},"end":{"line":174,"column":61}},"line":174},"15":{"name":"(anonymous_15)","decl":{"start":{"line":184,"column":14},"end":{"line":184,"column":15}},"loc":{"start":{"line":184,"column":27},"end":{"line":184,"column":46}},"line":184},"16":{"name":"(anonymous_16)","decl":{"start":{"line":185,"column":11},"end":{"line":185,"column":12}},"loc":{"start":{"line":185,"column":25},"end":{"line":189,"column":7}},"line":185},"17":{"name":"(anonymous_17)","decl":{"start":{"line":190,"column":14},"end":{"line":190,"column":15}},"loc":{"start":{"line":190,"column":23},"end":{"line":190,"column":45}},"line":190},"18":{"name":"(anonymous_18)","decl":{"start":{"line":191,"column":12},"end":{"line":191,"column":13}},"loc":{"start":{"line":191,"column":22},"end":{"line":191,"column":49}},"line":191},"19":{"name":"findMatchesForVolunteer","decl":{"start":{"line":201,"column":15},"end":{"line":201,"column":38}},"loc":{"start":{"line":201,"column":52},"end":{"line":234,"column":1}},"line":201},"20":{"name":"(anonymous_20)","decl":{"start":{"line":204,"column":38},"end":{"line":204,"column":39}},"loc":{"start":{"line":204,"column":43},"end":{"line":204,"column":73}},"line":204},"21":{"name":"(anonymous_21)","decl":{"start":{"line":214,"column":14},"end":{"line":214,"column":15}},"loc":{"start":{"line":214,"column":23},"end":{"line":220,"column":7}},"line":214},"22":{"name":"(anonymous_22)","decl":{"start":{"line":221,"column":11},"end":{"line":221,"column":12}},"loc":{"start":{"line":221,"column":21},"end":{"line":225,"column":7}},"line":221},"23":{"name":"(anonymous_23)","decl":{"start":{"line":226,"column":14},"end":{"line":226,"column":15}},"loc":{"start":{"line":226,"column":23},"end":{"line":226,"column":45}},"line":226},"24":{"name":"(anonymous_24)","decl":{"start":{"line":227,"column":12},"end":{"line":227,"column":13}},"loc":{"start":{"line":227,"column":22},"end":{"line":227,"column":49}},"line":227},"25":{"name":"ensureVolunteerMatchesTable","decl":{"start":{"line":237,"column":15},"end":{"line":237,"column":42}},"loc":{"start":{"line":237,"column":45},"end":{"line":259,"column":1}},"line":237},"26":{"name":"assignVolunteerToEvent","decl":{"start":{"line":262,"column":15},"end":{"line":262,"column":37}},"loc":{"start":{"line":262,"column":72},"end":{"line":307,"column":1}},"line":262},"27":{"name":"(anonymous_27)","decl":{"start":{"line":269,"column":38},"end":{"line":269,"column":39}},"loc":{"start":{"line":269,"column":43},"end":{"line":269,"column":73}},"line":269},"28":{"name":"(anonymous_28)","decl":{"start":{"line":270,"column":30},"end":{"line":270,"column":31}},"loc":{"start":{"line":270,"column":35},"end":{"line":270,"column":61}},"line":270},"29":{"name":"getAllMatches","decl":{"start":{"line":310,"column":15},"end":{"line":310,"column":28}},"loc":{"start":{"line":310,"column":31},"end":{"line":365,"column":1}},"line":310},"30":{"name":"(anonymous_30)","decl":{"start":{"line":335,"column":27},"end":{"line":335,"column":28}},"loc":{"start":{"line":335,"column":36},"end":{"line":360,"column":5}},"line":335},"31":{"name":"(anonymous_31)","decl":{"start":{"line":336,"column":40},"end":{"line":336,"column":41}},"loc":{"start":{"line":336,"column":45},"end":{"line":336,"column":72}},"line":336},"32":{"name":"(anonymous_32)","decl":{"start":{"line":337,"column":32},"end":{"line":337,"column":33}},"loc":{"start":{"line":337,"column":37},"end":{"line":337,"column":60}},"line":337},"33":{"name":"updateMatchStatus","decl":{"start":{"line":368,"column":15},"end":{"line":368,"column":32}},"loc":{"start":{"line":368,"column":50},"end":{"line":401,"column":1}},"line":368},"34":{"name":"getVolunteerHistory","decl":{"start":{"line":404,"column":15},"end":{"line":404,"column":34}},"loc":{"start":{"line":404,"column":48},"end":{"line":451,"column":1}},"line":404},"35":{"name":"(anonymous_35)","decl":{"start":{"line":428,"column":27},"end":{"line":428,"column":28}},"loc":{"start":{"line":428,"column":36},"end":{"line":446,"column":5}},"line":428},"36":{"name":"(anonymous_36)","decl":{"start":{"line":429,"column":32},"end":{"line":429,"column":33}},"loc":{"start":{"line":429,"column":37},"end":{"line":429,"column":60}},"line":429},"37":{"name":"(anonymous_37)","decl":{"start":{"line":460,"column":43},"end":{"line":460,"column":44}},"loc":{"start":{"line":460,"column":63},"end":{"line":475,"column":1}},"line":460},"38":{"name":"(anonymous_38)","decl":{"start":{"line":478,"column":51},"end":{"line":478,"column":52}},"loc":{"start":{"line":478,"column":71},"end":{"line":493,"column":1}},"line":478},"39":{"name":"(anonymous_39)","decl":{"start":{"line":496,"column":32},"end":{"line":496,"column":33}},"loc":{"start":{"line":496,"column":52},"end":{"line":510,"column":1}},"line":496},"40":{"name":"(anonymous_40)","decl":{"start":{"line":513,"column":36},"end":{"line":513,"column":37}},"loc":{"start":{"line":513,"column":56},"end":{"line":542,"column":1}},"line":513},"41":{"name":"(anonymous_41)","decl":{"start":{"line":545,"column":44},"end":{"line":545,"column":45}},"loc":{"start":{"line":545,"column":64},"end":{"line":570,"column":1}},"line":545},"42":{"name":"(anonymous_42)","decl":{"start":{"line":573,"column":49},"end":{"line":573,"column":50}},"loc":{"start":{"line":573,"column":69},"end":{"line":588,"column":1}},"line":573},"43":{"name":"(anonymous_43)","decl":{"start":{"line":591,"column":47},"end":{"line":591,"column":48}},"loc":{"start":{"line":591,"column":67},"end":{"line":612,"column":1}},"line":591}},"branchMap":{"0":{"loc":{"start":{"line":59,"column":21},"end":{"line":59,"column":42}},"type":"binary-expr","locations":[{"start":{"line":59,"column":21},"end":{"line":59,"column":36}},{"start":{"line":59,"column":40},"end":{"line":59,"column":42}}],"line":59},"1":{"loc":{"start":{"line":91,"column":19},"end":{"line":91,"column":40}},"type":"binary-expr","locations":[{"start":{"line":91,"column":19},"end":{"line":91,"column":34}},{"start":{"line":91,"column":38},"end":{"line":91,"column":40}}],"line":91},"2":{"loc":{"start":{"line":92,"column":16},"end":{"line":92,"column":34}},"type":"binary-expr","locations":[{"start":{"line":92,"column":16},"end":{"line":92,"column":28}},{"start":{"line":92,"column":32},"end":{"line":92,"column":34}}],"line":92},"3":{"loc":{"start":{"line":93,"column":23},"end":{"line":93,"column":99}},"type":"cond-expr","locations":[{"start":{"line":93,"column":45},"end":{"line":93,"column":94}},{"start":{"line":93,"column":97},"end":{"line":93,"column":99}}],"line":93},"4":{"loc":{"start":{"line":94,"column":15},"end":{"line":94,"column":35}},"type":"binary-expr","locations":[{"start":{"line":94,"column":15},"end":{"line":94,"column":26}},{"start":{"line":94,"column":30},"end":{"line":94,"column":35}}],"line":94},"5":{"loc":{"start":{"line":96,"column":21},"end":{"line":96,"column":44}},"type":"binary-expr","locations":[{"start":{"line":96,"column":21},"end":{"line":96,"column":39}},{"start":{"line":96,"column":43},"end":{"line":96,"column":44}}],"line":96},"6":{"loc":{"start":{"line":106,"column":2},"end":{"line":106,"column":43}},"type":"if","locations":[{"start":{"line":106,"column":2},"end":{"line":106,"column":43}},{"start":{},"end":{}}],"line":106},"7":{"loc":{"start":{"line":107,"column":2},"end":{"line":107,"column":94}},"type":"if","locations":[{"start":{"line":107,"column":2},"end":{"line":107,"column":94}},{"start":{},"end":{}}],"line":107},"8":{"loc":{"start":{"line":113,"column":2},"end":{"line":113,"column":57}},"type":"if","locations":[{"start":{"line":113,"column":2},"end":{"line":113,"column":57}},{"start":{},"end":{}}],"line":113},"9":{"loc":{"start":{"line":113,"column":6},"end":{"line":113,"column":46}},"type":"binary-expr","locations":[{"start":{"line":113,"column":6},"end":{"line":113,"column":27}},{"start":{"line":113,"column":31},"end":{"line":113,"column":46}}],"line":113},"10":{"loc":{"start":{"line":119,"column":2},"end":{"line":121,"column":3}},"type":"if","locations":[{"start":{"line":119,"column":2},"end":{"line":121,"column":3}},{"start":{},"end":{}}],"line":119},"11":{"loc":{"start":{"line":130,"column":26},"end":{"line":130,"column":48}},"type":"binary-expr","locations":[{"start":{"line":130,"column":26},"end":{"line":130,"column":42}},{"start":{"line":130,"column":46},"end":{"line":130,"column":48}}],"line":130},"12":{"loc":{"start":{"line":131,"column":37},"end":{"line":131,"column":64}},"type":"binary-expr","locations":[{"start":{"line":131,"column":37},"end":{"line":131,"column":58}},{"start":{"line":131,"column":62},"end":{"line":131,"column":64}}],"line":131},"13":{"loc":{"start":{"line":134,"column":2},"end":{"line":143,"column":3}},"type":"if","locations":[{"start":{"line":134,"column":2},"end":{"line":143,"column":3}},{"start":{"line":140,"column":9},"end":{"line":143,"column":3}}],"line":134},"14":{"loc":{"start":{"line":146,"column":26},"end":{"line":146,"column":95}},"type":"binary-expr","locations":[{"start":{"line":146,"column":26},"end":{"line":146,"column":48}},{"start":{"line":146,"column":52},"end":{"line":146,"column":95}}],"line":146},"15":{"loc":{"start":{"line":147,"column":2},"end":{"line":149,"column":3}},"type":"if","locations":[{"start":{"line":147,"column":2},"end":{"line":149,"column":3}},{"start":{},"end":{}}],"line":147},"16":{"loc":{"start":{"line":155,"column":2},"end":{"line":165,"column":3}},"type":"if","locations":[{"start":{"line":155,"column":2},"end":{"line":165,"column":3}},{"start":{},"end":{}}],"line":155},"17":{"loc":{"start":{"line":155,"column":6},"end":{"line":155,"column":63}},"type":"binary-expr","locations":[{"start":{"line":155,"column":6},"end":{"line":155,"column":27}},{"start":{"line":155,"column":31},"end":{"line":155,"column":63}}],"line":155},"18":{"loc":{"start":{"line":157,"column":32},"end":{"line":157,"column":55}},"type":"binary-expr","locations":[{"start":{"line":157,"column":32},"end":{"line":157,"column":49}},{"start":{"line":157,"column":53},"end":{"line":157,"column":55}}],"line":157},"19":{"loc":{"start":{"line":158,"column":25},"end":{"line":158,"column":41}},"type":"binary-expr","locations":[{"start":{"line":158,"column":25},"end":{"line":158,"column":35}},{"start":{"line":158,"column":39},"end":{"line":158,"column":41}}],"line":158},"20":{"loc":{"start":{"line":160,"column":13},"end":{"line":160,"column":78}},"type":"binary-expr","locations":[{"start":{"line":160,"column":13},"end":{"line":160,"column":47}},{"start":{"line":160,"column":51},"end":{"line":160,"column":78}}],"line":160},"21":{"loc":{"start":{"line":162,"column":4},"end":{"line":164,"column":5}},"type":"if","locations":[{"start":{"line":162,"column":4},"end":{"line":164,"column":5}},{"start":{},"end":{}}],"line":162},"22":{"loc":{"start":{"line":176,"column":4},"end":{"line":179,"column":5}},"type":"if","locations":[{"start":{"line":176,"column":4},"end":{"line":179,"column":5}},{"start":{},"end":{}}],"line":176},"23":{"loc":{"start":{"line":206,"column":4},"end":{"line":209,"column":5}},"type":"if","locations":[{"start":{"line":206,"column":4},"end":{"line":209,"column":5}},{"start":{},"end":{}}],"line":206},"24":{"loc":{"start":{"line":206,"column":8},"end":{"line":206,"column":42}},"type":"binary-expr","locations":[{"start":{"line":206,"column":8},"end":{"line":206,"column":18}},{"start":{"line":206,"column":22},"end":{"line":206,"column":42}}],"line":206},"25":{"loc":{"start":{"line":262,"column":60},"end":{"line":262,"column":70}},"type":"default-arg","locations":[{"start":{"line":262,"column":68},"end":{"line":262,"column":70}}],"line":262},"26":{"loc":{"start":{"line":272,"column":4},"end":{"line":274,"column":5}},"type":"if","locations":[{"start":{"line":272,"column":4},"end":{"line":274,"column":5}},{"start":{},"end":{}}],"line":272},"27":{"loc":{"start":{"line":272,"column":8},"end":{"line":272,"column":28}},"type":"binary-expr","locations":[{"start":{"line":272,"column":8},"end":{"line":272,"column":18}},{"start":{"line":272,"column":22},"end":{"line":272,"column":28}}],"line":272},"28":{"loc":{"start":{"line":284,"column":4},"end":{"line":286,"column":5}},"type":"if","locations":[{"start":{"line":284,"column":4},"end":{"line":286,"column":5}},{"start":{},"end":{}}],"line":284},"29":{"loc":{"start":{"line":327,"column":4},"end":{"line":329,"column":5}},"type":"if","locations":[{"start":{"line":327,"column":4},"end":{"line":329,"column":5}},{"start":{},"end":{}}],"line":327},"30":{"loc":{"start":{"line":347,"column":19},"end":{"line":352,"column":16}},"type":"cond-expr","locations":[{"start":{"line":347,"column":31},"end":{"line":352,"column":9}},{"start":{"line":352,"column":12},"end":{"line":352,"column":16}}],"line":347},"31":{"loc":{"start":{"line":349,"column":16},"end":{"line":349,"column":90}},"type":"binary-expr","locations":[{"start":{"line":349,"column":16},"end":{"line":349,"column":71}},{"start":{"line":349,"column":75},"end":{"line":349,"column":90}}],"line":349},"32":{"loc":{"start":{"line":353,"column":15},"end":{"line":358,"column":16}},"type":"cond-expr","locations":[{"start":{"line":353,"column":23},"end":{"line":358,"column":9}},{"start":{"line":358,"column":12},"end":{"line":358,"column":16}}],"line":353},"33":{"loc":{"start":{"line":373,"column":4},"end":{"line":375,"column":5}},"type":"if","locations":[{"start":{"line":373,"column":4},"end":{"line":375,"column":5}},{"start":{},"end":{}}],"line":373},"34":{"loc":{"start":{"line":384,"column":4},"end":{"line":386,"column":5}},"type":"if","locations":[{"start":{"line":384,"column":4},"end":{"line":386,"column":5}},{"start":{},"end":{}}],"line":384},"35":{"loc":{"start":{"line":422,"column":4},"end":{"line":424,"column":5}},"type":"if","locations":[{"start":{"line":422,"column":4},"end":{"line":424,"column":5}},{"start":{},"end":{}}],"line":422},"36":{"loc":{"start":{"line":438,"column":15},"end":{"line":444,"column":16}},"type":"cond-expr","locations":[{"start":{"line":438,"column":23},"end":{"line":444,"column":9}},{"start":{"line":444,"column":12},"end":{"line":444,"column":16}}],"line":438},"37":{"loc":{"start":{"line":465,"column":4},"end":{"line":467,"column":5}},"type":"if","locations":[{"start":{"line":465,"column":4},"end":{"line":467,"column":5}},{"start":{},"end":{}}],"line":465},"38":{"loc":{"start":{"line":483,"column":4},"end":{"line":485,"column":5}},"type":"if","locations":[{"start":{"line":483,"column":4},"end":{"line":485,"column":5}},{"start":{},"end":{}}],"line":483},"39":{"loc":{"start":{"line":500,"column":4},"end":{"line":502,"column":5}},"type":"if","locations":[{"start":{"line":500,"column":4},"end":{"line":502,"column":5}},{"start":{},"end":{}}],"line":500},"40":{"loc":{"start":{"line":517,"column":4},"end":{"line":519,"column":5}},"type":"if","locations":[{"start":{"line":517,"column":4},"end":{"line":519,"column":5}},{"start":{},"end":{}}],"line":517},"41":{"loc":{"start":{"line":524,"column":4},"end":{"line":526,"column":5}},"type":"if","locations":[{"start":{"line":524,"column":4},"end":{"line":526,"column":5}},{"start":{},"end":{}}],"line":524},"42":{"loc":{"start":{"line":524,"column":8},"end":{"line":524,"column":32}},"type":"binary-expr","locations":[{"start":{"line":524,"column":8},"end":{"line":524,"column":20}},{"start":{"line":524,"column":24},"end":{"line":524,"column":32}}],"line":524},"43":{"loc":{"start":{"line":528,"column":4},"end":{"line":530,"column":5}},"type":"if","locations":[{"start":{"line":528,"column":4},"end":{"line":530,"column":5}},{"start":{},"end":{}}],"line":528},"44":{"loc":{"start":{"line":528,"column":8},"end":{"line":528,"column":70}},"type":"binary-expr","locations":[{"start":{"line":528,"column":8},"end":{"line":528,"column":39}},{"start":{"line":528,"column":43},"end":{"line":528,"column":70}}],"line":528},"45":{"loc":{"start":{"line":532,"column":4},"end":{"line":534,"column":5}},"type":"if","locations":[{"start":{"line":532,"column":4},"end":{"line":534,"column":5}},{"start":{},"end":{}}],"line":532},"46":{"loc":{"start":{"line":532,"column":8},"end":{"line":532,"column":42}},"type":"binary-expr","locations":[{"start":{"line":532,"column":8},"end":{"line":532,"column":13}},{"start":{"line":532,"column":17},"end":{"line":532,"column":42}}],"line":532},"47":{"loc":{"start":{"line":536,"column":74},"end":{"line":536,"column":85}},"type":"binary-expr","locations":[{"start":{"line":536,"column":74},"end":{"line":536,"column":79}},{"start":{"line":536,"column":83},"end":{"line":536,"column":85}}],"line":536},"48":{"loc":{"start":{"line":540,"column":34},"end":{"line":540,"column":79}},"type":"binary-expr","locations":[{"start":{"line":540,"column":34},"end":{"line":540,"column":47}},{"start":{"line":540,"column":51},"end":{"line":540,"column":79}}],"line":540},"49":{"loc":{"start":{"line":551,"column":4},"end":{"line":553,"column":5}},"type":"if","locations":[{"start":{"line":551,"column":4},"end":{"line":553,"column":5}},{"start":{},"end":{}}],"line":551},"50":{"loc":{"start":{"line":555,"column":4},"end":{"line":557,"column":5}},"type":"if","locations":[{"start":{"line":555,"column":4},"end":{"line":557,"column":5}},{"start":{},"end":{}}],"line":555},"51":{"loc":{"start":{"line":555,"column":8},"end":{"line":555,"column":45}},"type":"binary-expr","locations":[{"start":{"line":555,"column":8},"end":{"line":555,"column":15}},{"start":{"line":555,"column":19},"end":{"line":555,"column":45}}],"line":555},"52":{"loc":{"start":{"line":560,"column":4},"end":{"line":562,"column":5}},"type":"if","locations":[{"start":{"line":560,"column":4},"end":{"line":562,"column":5}},{"start":{},"end":{}}],"line":560},"53":{"loc":{"start":{"line":568,"column":34},"end":{"line":568,"column":82}},"type":"binary-expr","locations":[{"start":{"line":568,"column":34},"end":{"line":568,"column":47}},{"start":{"line":568,"column":51},"end":{"line":568,"column":82}}],"line":568},"54":{"loc":{"start":{"line":578,"column":4},"end":{"line":580,"column":5}},"type":"if","locations":[{"start":{"line":578,"column":4},"end":{"line":580,"column":5}},{"start":{},"end":{}}],"line":578},"55":{"loc":{"start":{"line":595,"column":4},"end":{"line":597,"column":5}},"type":"if","locations":[{"start":{"line":595,"column":4},"end":{"line":597,"column":5}},{"start":{},"end":{}}],"line":595},"56":{"loc":{"start":{"line":602,"column":4},"end":{"line":604,"column":5}},"type":"if","locations":[{"start":{"line":602,"column":4},"end":{"line":604,"column":5}},{"start":{},"end":{}}],"line":602}},"s":{"0":16,"1":16,"2":14,"3":14,"4":12,"5":12,"6":12,"7":13,"8":11,"9":14,"10":2,"11":2,"12":16,"13":16,"14":15,"15":16,"16":18,"17":2,"18":2,"19":7,"20":7,"21":0,"22":0,"23":0,"24":0,"25":7,"26":0,"27":7,"28":7,"29":7,"30":7,"31":0,"32":7,"33":7,"34":7,"35":7,"36":7,"37":9,"38":10,"39":7,"40":7,"41":0,"42":7,"43":7,"44":6,"45":7,"46":7,"47":6,"48":6,"49":6,"50":6,"51":6,"52":6,"53":6,"54":7,"55":6,"56":6,"57":6,"58":5,"59":6,"60":2,"61":2,"62":4,"63":4,"64":3,"65":3,"66":3,"67":0,"68":4,"69":0,"70":0,"71":4,"72":4,"73":4,"74":3,"75":4,"76":2,"77":2,"78":2,"79":2,"80":2,"81":2,"82":2,"83":2,"84":1,"85":1,"86":0,"87":2,"88":0,"89":0,"90":13,"91":13,"92":12,"93":1,"94":4,"95":4,"96":4,"97":4,"98":4,"99":3,"100":4,"101":4,"102":4,"103":1,"104":3,"105":3,"106":3,"107":1,"108":2,"109":2,"110":2,"111":2,"112":5,"113":5,"114":5,"115":5,"116":1,"117":4,"118":4,"119":4,"120":4,"121":3,"122":4,"123":4,"124":4,"125":0,"126":0,"127":2,"128":2,"129":2,"130":2,"131":0,"132":2,"133":2,"134":1,"135":1,"136":1,"137":1,"138":2,"139":2,"140":2,"141":2,"142":2,"143":0,"144":0,"145":0,"146":0,"147":0,"148":0,"149":0,"150":1,"151":1,"152":6,"153":6,"154":6,"155":6,"156":1,"157":5,"158":5,"159":0,"160":0,"161":1,"162":5,"163":5,"164":5,"165":5,"166":1,"167":4,"168":4,"169":0,"170":0,"171":1,"172":6,"173":6,"174":6,"175":1,"176":5,"177":5,"178":0,"179":0,"180":1,"181":8,"182":8,"183":8,"184":1,"185":7,"186":7,"187":1,"188":6,"189":1,"190":5,"191":1,"192":4,"193":2,"194":2,"195":2,"196":1,"197":6,"198":6,"199":6,"200":6,"201":6,"202":1,"203":5,"204":2,"205":3,"206":3,"207":1,"208":2,"209":1,"210":1,"211":1,"212":1,"213":3,"214":3,"215":3,"216":3,"217":1,"218":2,"219":2,"220":0,"221":0,"222":1,"223":3,"224":3,"225":3,"226":1,"227":2,"228":2,"229":2,"230":1,"231":1,"232":1,"233":0,"234":0},"f":{"0":16,"1":13,"2":11,"3":16,"4":16,"5":18,"6":7,"7":0,"8":7,"9":7,"10":9,"11":10,"12":6,"13":6,"14":5,"15":3,"16":3,"17":3,"18":0,"19":4,"20":3,"21":2,"22":1,"23":1,"24":0,"25":13,"26":4,"27":3,"28":4,"29":5,"30":4,"31":3,"32":4,"33":2,"34":2,"35":0,"36":0,"37":6,"38":5,"39":6,"40":8,"41":6,"42":3,"43":3},"b":{"0":[12,0],"1":[16,12],"2":[16,0],"3":[16,0],"4":[15,0],"5":[15,1],"6":[7,0],"7":[0,0],"8":[0,7],"9":[7,7],"10":[7,0],"11":[7,0],"12":[7,0],"13":[7,0],"14":[7,7],"15":[6,1],"16":[6,1],"17":[7,7],"18":[6,3],"19":[6,0],"20":[6,3],"21":[6,0],"22":[2,4],"23":[2,2],"24":[4,3],"25":[0],"26":[1,3],"27":[4,3],"28":[1,2],"29":[1,4],"30":[3,1],"31":[3,1],"32":[3,1],"33":[0,2],"34":[1,1],"35":[2,0],"36":[0,0],"37":[1,5],"38":[1,4],"39":[1,5],"40":[1,7],"41":[1,6],"42":[7,6],"43":[1,5],"44":[6,5],"45":[1,4],"46":[5,2],"47":[4,3],"48":[2,0],"49":[1,5],"50":[2,3],"51":[5,4],"52":[1,2],"53":[1,0],"54":[1,2],"55":[1,2],"56":[1,1]},"inputSourceMap":null,"_coverageSchema":"1a1c01bbd47fc00a2c39e90264f33305004495a9","hash":"828d029e91f608bc20d58ec26335aeb95a1a3e53"}
,"/Users/leahmelendez/Documents/GitHub/Volunteering_WebApp/server/routes/volunteers.routes.js": {"path":"/Users/leahmelendez/Documents/GitHub/Volunteering_WebApp/server/routes/volunteers.routes.js","statementMap":{"0":{"start":{"line":6,"column":15},"end":{"line":6,"column":31}},"1":{"start":{"line":9,"column":0},"end":{"line":58,"column":3}},"2":{"start":{"line":10,"column":2},"end":{"line":57,"column":3}},"3":{"start":{"line":11,"column":21},"end":{"line":11,"column":29}},"4":{"start":{"line":13,"column":4},"end":{"line":15,"column":5}},"5":{"start":{"line":14,"column":6},"end":{"line":14,"column":62}},"6":{"start":{"line":17,"column":32},"end":{"line":17,"column":46}},"7":{"start":{"line":19,"column":4},"end":{"line":21,"column":5}},"8":{"start":{"line":20,"column":6},"end":{"line":20,"column":74}},"9":{"start":{"line":24,"column":19},"end":{"line":27,"column":5}},"10":{"start":{"line":29,"column":4},"end":{"line":31,"column":5}},"11":{"start":{"line":30,"column":6},"end":{"line":30,"column":68}},"12":{"start":{"line":34,"column":17},"end":{"line":34,"column":48}},"13":{"start":{"line":37,"column":19},"end":{"line":42,"column":5}},"14":{"start":{"line":44,"column":20},"end":{"line":44,"column":34}},"15":{"start":{"line":46,"column":4},"end":{"line":53,"column":7}},"16":{"start":{"line":55,"column":4},"end":{"line":55,"column":52}},"17":{"start":{"line":56,"column":4},"end":{"line":56,"column":73}},"18":{"start":{"line":61,"column":0},"end":{"line":233,"column":3}},"19":{"start":{"line":62,"column":2},"end":{"line":232,"column":3}},"20":{"start":{"line":63,"column":21},"end":{"line":63,"column":29}},"21":{"start":{"line":65,"column":4},"end":{"line":67,"column":5}},"22":{"start":{"line":66,"column":6},"end":{"line":66,"column":62}},"23":{"start":{"line":69,"column":19},"end":{"line":69,"column":29}},"24":{"start":{"line":83,"column":8},"end":{"line":83,"column":22}},"25":{"start":{"line":86,"column":19},"end":{"line":89,"column":5}},"26":{"start":{"line":91,"column":4},"end":{"line":93,"column":5}},"27":{"start":{"line":92,"column":6},"end":{"line":92,"column":68}},"28":{"start":{"line":95,"column":4},"end":{"line":95,"column":30}},"29":{"start":{"line":97,"column":4},"end":{"line":228,"column":5}},"30":{"start":{"line":99,"column":6},"end":{"line":140,"column":7}},"31":{"start":{"line":101,"column":8},"end":{"line":111,"column":9}},"32":{"start":{"line":102,"column":30},"end":{"line":105,"column":11}},"33":{"start":{"line":107,"column":10},"end":{"line":110,"column":11}},"34":{"start":{"line":108,"column":12},"end":{"line":108,"column":41}},"35":{"start":{"line":109,"column":12},"end":{"line":109,"column":75}},"36":{"start":{"line":114,"column":24},"end":{"line":114,"column":26}},"37":{"start":{"line":115,"column":23},"end":{"line":115,"column":25}},"38":{"start":{"line":116,"column":25},"end":{"line":116,"column":26}},"39":{"start":{"line":118,"column":8},"end":{"line":122,"column":9}},"40":{"start":{"line":119,"column":10},"end":{"line":119,"column":49}},"41":{"start":{"line":120,"column":10},"end":{"line":120,"column":29}},"42":{"start":{"line":121,"column":10},"end":{"line":121,"column":23}},"43":{"start":{"line":124,"column":8},"end":{"line":129,"column":9}},"44":{"start":{"line":125,"column":23},"end":{"line":125,"column":54}},"45":{"start":{"line":126,"column":10},"end":{"line":126,"column":57}},"46":{"start":{"line":127,"column":10},"end":{"line":127,"column":28}},"47":{"start":{"line":128,"column":10},"end":{"line":128,"column":23}},"48":{"start":{"line":131,"column":8},"end":{"line":139,"column":9}},"49":{"start":{"line":132,"column":10},"end":{"line":132,"column":26}},"50":{"start":{"line":133,"column":30},"end":{"line":137,"column":11}},"51":{"start":{"line":138,"column":10},"end":{"line":138,"column":48}},"52":{"start":{"line":143,"column":6},"end":{"line":178,"column":7}},"53":{"start":{"line":147,"column":28},"end":{"line":157,"column":9}},"54":{"start":{"line":159,"column":8},"end":{"line":177,"column":10}},"55":{"start":{"line":181,"column":6},"end":{"line":202,"column":7}},"56":{"start":{"line":183,"column":8},"end":{"line":183,"column":77}},"57":{"start":{"line":186,"column":8},"end":{"line":201,"column":9}},"58":{"start":{"line":187,"column":10},"end":{"line":187,"column":56}},"59":{"start":{"line":187,"column":47},"end":{"line":187,"column":56}},"60":{"start":{"line":189,"column":25},"end":{"line":194,"column":11}},"61":{"start":{"line":196,"column":10},"end":{"line":200,"column":12}},"62":{"start":{"line":205,"column":6},"end":{"line":218,"column":7}},"63":{"start":{"line":207,"column":8},"end":{"line":207,"column":83}},"64":{"start":{"line":210,"column":8},"end":{"line":217,"column":9}},"65":{"start":{"line":211,"column":10},"end":{"line":216,"column":11}},"66":{"start":{"line":212,"column":12},"end":{"line":215,"column":14}},"67":{"start":{"line":220,"column":6},"end":{"line":220,"column":33}},"68":{"start":{"line":222,"column":6},"end":{"line":224,"column":9}},"69":{"start":{"line":226,"column":6},"end":{"line":226,"column":35}},"70":{"start":{"line":227,"column":6},"end":{"line":227,"column":16}},"71":{"start":{"line":230,"column":4},"end":{"line":230,"column":52}},"72":{"start":{"line":231,"column":4},"end":{"line":231,"column":73}},"73":{"start":{"line":236,"column":0},"end":{"line":267,"column":3}},"74":{"start":{"line":237,"column":2},"end":{"line":266,"column":3}},"75":{"start":{"line":238,"column":21},"end":{"line":238,"column":29}},"76":{"start":{"line":240,"column":4},"end":{"line":242,"column":5}},"77":{"start":{"line":241,"column":6},"end":{"line":241,"column":62}},"78":{"start":{"line":244,"column":19},"end":{"line":244,"column":29}},"79":{"start":{"line":247,"column":19},"end":{"line":250,"column":5}},"80":{"start":{"line":252,"column":4},"end":{"line":254,"column":5}},"81":{"start":{"line":253,"column":6},"end":{"line":253,"column":68}},"82":{"start":{"line":257,"column":4},"end":{"line":260,"column":6}},"83":{"start":{"line":262,"column":4},"end":{"line":262,"column":71}},"84":{"start":{"line":264,"column":4},"end":{"line":264,"column":52}},"85":{"start":{"line":265,"column":4},"end":{"line":265,"column":73}},"86":{"start":{"line":270,"column":0},"end":{"line":330,"column":3}},"87":{"start":{"line":271,"column":2},"end":{"line":329,"column":3}},"88":{"start":{"line":272,"column":21},"end":{"line":272,"column":29}},"89":{"start":{"line":274,"column":4},"end":{"line":276,"column":5}},"90":{"start":{"line":275,"column":6},"end":{"line":275,"column":62}},"91":{"start":{"line":278,"column":19},"end":{"line":278,"column":29}},"92":{"start":{"line":281,"column":19},"end":{"line":299,"column":5}},"93":{"start":{"line":301,"column":4},"end":{"line":303,"column":5}},"94":{"start":{"line":302,"column":6},"end":{"line":302,"column":68}},"95":{"start":{"line":306,"column":25},"end":{"line":313,"column":5}},"96":{"start":{"line":316,"column":31},"end":{"line":319,"column":5}},"97":{"start":{"line":321,"column":22},"end":{"line":321,"column":36}},"98":{"start":{"line":322,"column":4},"end":{"line":322,"column":58}},"99":{"start":{"line":322,"column":50},"end":{"line":322,"column":56}},"100":{"start":{"line":323,"column":4},"end":{"line":323,"column":76}},"101":{"start":{"line":323,"column":62},"end":{"line":323,"column":74}},"102":{"start":{"line":325,"column":4},"end":{"line":325,"column":31}},"103":{"start":{"line":327,"column":4},"end":{"line":327,"column":60}},"104":{"start":{"line":328,"column":4},"end":{"line":328,"column":80}}},"fnMap":{"0":{"name":"(anonymous_0)","decl":{"start":{"line":9,"column":30},"end":{"line":9,"column":31}},"loc":{"start":{"line":9,"column":50},"end":{"line":58,"column":1}},"line":9},"1":{"name":"(anonymous_1)","decl":{"start":{"line":61,"column":32},"end":{"line":61,"column":33}},"loc":{"start":{"line":61,"column":52},"end":{"line":233,"column":1}},"line":61},"2":{"name":"(anonymous_2)","decl":{"start":{"line":236,"column":35},"end":{"line":236,"column":36}},"loc":{"start":{"line":236,"column":55},"end":{"line":267,"column":1}},"line":236},"3":{"name":"(anonymous_3)","decl":{"start":{"line":270,"column":40},"end":{"line":270,"column":41}},"loc":{"start":{"line":270,"column":60},"end":{"line":330,"column":1}},"line":270},"4":{"name":"(anonymous_4)","decl":{"start":{"line":322,"column":45},"end":{"line":322,"column":46}},"loc":{"start":{"line":322,"column":50},"end":{"line":322,"column":56}},"line":322},"5":{"name":"(anonymous_5)","decl":{"start":{"line":323,"column":57},"end":{"line":323,"column":58}},"loc":{"start":{"line":323,"column":62},"end":{"line":323,"column":74}},"line":323}},"branchMap":{"0":{"loc":{"start":{"line":13,"column":4},"end":{"line":15,"column":5}},"type":"if","locations":[{"start":{"line":13,"column":4},"end":{"line":15,"column":5}},{"start":{},"end":{}}],"line":13},"1":{"loc":{"start":{"line":17,"column":32},"end":{"line":17,"column":46}},"type":"binary-expr","locations":[{"start":{"line":17,"column":32},"end":{"line":17,"column":40}},{"start":{"line":17,"column":44},"end":{"line":17,"column":46}}],"line":17},"2":{"loc":{"start":{"line":19,"column":4},"end":{"line":21,"column":5}},"type":"if","locations":[{"start":{"line":19,"column":4},"end":{"line":21,"column":5}},{"start":{},"end":{}}],"line":19},"3":{"loc":{"start":{"line":19,"column":8},"end":{"line":19,"column":27}},"type":"binary-expr","locations":[{"start":{"line":19,"column":8},"end":{"line":19,"column":14}},{"start":{"line":19,"column":18},"end":{"line":19,"column":27}}],"line":19},"4":{"loc":{"start":{"line":29,"column":4},"end":{"line":31,"column":5}},"type":"if","locations":[{"start":{"line":29,"column":4},"end":{"line":31,"column":5}},{"start":{},"end":{}}],"line":29},"5":{"loc":{"start":{"line":65,"column":4},"end":{"line":67,"column":5}},"type":"if","locations":[{"start":{"line":65,"column":4},"end":{"line":67,"column":5}},{"start":{},"end":{}}],"line":65},"6":{"loc":{"start":{"line":83,"column":8},"end":{"line":83,"column":22}},"type":"binary-expr","locations":[{"start":{"line":83,"column":8},"end":{"line":83,"column":16}},{"start":{"line":83,"column":20},"end":{"line":83,"column":22}}],"line":83},"7":{"loc":{"start":{"line":91,"column":4},"end":{"line":93,"column":5}},"type":"if","locations":[{"start":{"line":91,"column":4},"end":{"line":93,"column":5}},{"start":{},"end":{}}],"line":91},"8":{"loc":{"start":{"line":99,"column":6},"end":{"line":140,"column":7}},"type":"if","locations":[{"start":{"line":99,"column":6},"end":{"line":140,"column":7}},{"start":{},"end":{}}],"line":99},"9":{"loc":{"start":{"line":99,"column":10},"end":{"line":99,"column":27}},"type":"binary-expr","locations":[{"start":{"line":99,"column":10},"end":{"line":99,"column":15}},{"start":{"line":99,"column":19},"end":{"line":99,"column":27}}],"line":99},"10":{"loc":{"start":{"line":101,"column":8},"end":{"line":111,"column":9}},"type":"if","locations":[{"start":{"line":101,"column":8},"end":{"line":111,"column":9}},{"start":{},"end":{}}],"line":101},"11":{"loc":{"start":{"line":107,"column":10},"end":{"line":110,"column":11}},"type":"if","locations":[{"start":{"line":107,"column":10},"end":{"line":110,"column":11}},{"start":{},"end":{}}],"line":107},"12":{"loc":{"start":{"line":118,"column":8},"end":{"line":122,"column":9}},"type":"if","locations":[{"start":{"line":118,"column":8},"end":{"line":122,"column":9}},{"start":{},"end":{}}],"line":118},"13":{"loc":{"start":{"line":124,"column":8},"end":{"line":129,"column":9}},"type":"if","locations":[{"start":{"line":124,"column":8},"end":{"line":129,"column":9}},{"start":{},"end":{}}],"line":124},"14":{"loc":{"start":{"line":131,"column":8},"end":{"line":139,"column":9}},"type":"if","locations":[{"start":{"line":131,"column":8},"end":{"line":139,"column":9}},{"start":{},"end":{}}],"line":131},"15":{"loc":{"start":{"line":143,"column":6},"end":{"line":178,"column":7}},"type":"if","locations":[{"start":{"line":143,"column":6},"end":{"line":178,"column":7}},{"start":{},"end":{}}],"line":143},"16":{"loc":{"start":{"line":143,"column":10},"end":{"line":145,"column":35}},"type":"binary-expr","locations":[{"start":{"line":143,"column":10},"end":{"line":143,"column":34}},{"start":{"line":143,"column":38},"end":{"line":143,"column":61}},{"start":{"line":143,"column":65},"end":{"line":143,"column":87}},{"start":{"line":144,"column":10},"end":{"line":144,"column":28}},{"start":{"line":144,"column":32},"end":{"line":144,"column":56}},{"start":{"line":144,"column":60},"end":{"line":144,"column":82}},{"start":{"line":145,"column":10},"end":{"line":145,"column":35}}],"line":143},"17":{"loc":{"start":{"line":149,"column":22},"end":{"line":149,"column":40}},"type":"binary-expr","locations":[{"start":{"line":149,"column":22},"end":{"line":149,"column":32}},{"start":{"line":149,"column":36},"end":{"line":149,"column":40}}],"line":149},"18":{"loc":{"start":{"line":150,"column":21},"end":{"line":150,"column":38}},"type":"binary-expr","locations":[{"start":{"line":150,"column":21},"end":{"line":150,"column":30}},{"start":{"line":150,"column":34},"end":{"line":150,"column":38}}],"line":150},"19":{"loc":{"start":{"line":151,"column":20},"end":{"line":151,"column":36}},"type":"binary-expr","locations":[{"start":{"line":151,"column":20},"end":{"line":151,"column":28}},{"start":{"line":151,"column":32},"end":{"line":151,"column":36}}],"line":151},"20":{"loc":{"start":{"line":152,"column":20},"end":{"line":152,"column":36}},"type":"binary-expr","locations":[{"start":{"line":152,"column":20},"end":{"line":152,"column":28}},{"start":{"line":152,"column":32},"end":{"line":152,"column":36}}],"line":152},"21":{"loc":{"start":{"line":153,"column":16},"end":{"line":153,"column":28}},"type":"binary-expr","locations":[{"start":{"line":153,"column":16},"end":{"line":153,"column":20}},{"start":{"line":153,"column":24},"end":{"line":153,"column":28}}],"line":153},"22":{"loc":{"start":{"line":154,"column":22},"end":{"line":154,"column":40}},"type":"binary-expr","locations":[{"start":{"line":154,"column":22},"end":{"line":154,"column":32}},{"start":{"line":154,"column":36},"end":{"line":154,"column":40}}],"line":154},"23":{"loc":{"start":{"line":155,"column":20},"end":{"line":155,"column":36}},"type":"binary-expr","locations":[{"start":{"line":155,"column":20},"end":{"line":155,"column":28}},{"start":{"line":155,"column":32},"end":{"line":155,"column":36}}],"line":155},"24":{"loc":{"start":{"line":156,"column":23},"end":{"line":156,"column":42}},"type":"binary-expr","locations":[{"start":{"line":156,"column":23},"end":{"line":156,"column":34}},{"start":{"line":156,"column":38},"end":{"line":156,"column":42}}],"line":156},"25":{"loc":{"start":{"line":181,"column":6},"end":{"line":202,"column":7}},"type":"if","locations":[{"start":{"line":181,"column":6},"end":{"line":202,"column":7}},{"start":{},"end":{}}],"line":181},"26":{"loc":{"start":{"line":187,"column":10},"end":{"line":187,"column":56}},"type":"if","locations":[{"start":{"line":187,"column":10},"end":{"line":187,"column":56}},{"start":{},"end":{}}],"line":187},"27":{"loc":{"start":{"line":187,"column":14},"end":{"line":187,"column":45}},"type":"binary-expr","locations":[{"start":{"line":187,"column":14},"end":{"line":187,"column":24}},{"start":{"line":187,"column":28},"end":{"line":187,"column":45}}],"line":187},"28":{"loc":{"start":{"line":205,"column":6},"end":{"line":218,"column":7}},"type":"if","locations":[{"start":{"line":205,"column":6},"end":{"line":218,"column":7}},{"start":{},"end":{}}],"line":205},"29":{"loc":{"start":{"line":211,"column":10},"end":{"line":216,"column":11}},"type":"if","locations":[{"start":{"line":211,"column":10},"end":{"line":216,"column":11}},{"start":{},"end":{}}],"line":211},"30":{"loc":{"start":{"line":240,"column":4},"end":{"line":242,"column":5}},"type":"if","locations":[{"start":{"line":240,"column":4},"end":{"line":242,"column":5}},{"start":{},"end":{}}],"line":240},"31":{"loc":{"start":{"line":252,"column":4},"end":{"line":254,"column":5}},"type":"if","locations":[{"start":{"line":252,"column":4},"end":{"line":254,"column":5}},{"start":{},"end":{}}],"line":252},"32":{"loc":{"start":{"line":274,"column":4},"end":{"line":276,"column":5}},"type":"if","locations":[{"start":{"line":274,"column":4},"end":{"line":276,"column":5}},{"start":{},"end":{}}],"line":274},"33":{"loc":{"start":{"line":301,"column":4},"end":{"line":303,"column":5}},"type":"if","locations":[{"start":{"line":301,"column":4},"end":{"line":303,"column":5}},{"start":{},"end":{}}],"line":301}},"s":{"0":1,"1":1,"2":5,"3":5,"4":5,"5":1,"6":4,"7":4,"8":1,"9":3,"10":3,"11":1,"12":2,"13":2,"14":1,"15":1,"16":1,"17":1,"18":1,"19":8,"20":8,"21":8,"22":1,"23":7,"24":7,"25":7,"26":7,"27":1,"28":6,"29":6,"30":6,"31":4,"32":3,"33":3,"34":1,"35":1,"36":3,"37":3,"38":3,"39":3,"40":2,"41":2,"42":2,"43":3,"44":2,"45":2,"46":2,"47":2,"48":3,"49":3,"50":3,"51":3,"52":5,"53":2,"54":2,"55":4,"56":1,"57":1,"58":2,"59":0,"60":2,"61":2,"62":4,"63":1,"64":1,"65":2,"66":2,"67":4,"68":4,"69":1,"70":1,"71":1,"72":1,"73":1,"74":4,"75":4,"76":4,"77":1,"78":3,"79":3,"80":3,"81":1,"82":2,"83":1,"84":1,"85":1,"86":1,"87":4,"88":4,"89":4,"90":1,"91":3,"92":3,"93":2,"94":1,"95":1,"96":1,"97":1,"98":1,"99":2,"100":1,"101":2,"102":1,"103":1,"104":1},"f":{"0":5,"1":8,"2":4,"3":4,"4":2,"5":2},"b":{"0":[1,4],"1":[4,0],"2":[1,3],"3":[4,4],"4":[1,2],"5":[1,7],"6":[7,0],"7":[1,6],"8":[4,2],"9":[6,3],"10":[3,1],"11":[1,2],"12":[2,1],"13":[2,1],"14":[3,0],"15":[2,3],"16":[5,3,3,3,3,3,3],"17":[2,0],"18":[2,1],"19":[2,1],"20":[2,2],"21":[2,1],"22":[2,1],"23":[2,1],"24":[2,1],"25":[1,3],"26":[0,2],"27":[2,2],"28":[1,3],"29":[2,0],"30":[1,3],"31":[1,2],"32":[1,3],"33":[1,1]},"inputSourceMap":null,"_coverageSchema":"1a1c01bbd47fc00a2c39e90264f33305004495a9","hash":"da056701ed3c74a414a275c3da968af479be9577"}
}
