TN:
SF:routes/allevents.routes.js
FN:8,(anonymous_0)
FNF:1
FNH:1
FNDA:2,(anonymous_0)
DA:6,5
DA:8,5
DA:9,2
DA:10,2
DA:11,1
DA:13,1
DA:14,1
DA:18,5
LF:8
LH:8
BRF:0
BRH:0
end_of_record
TN:
SF:routes/auth.routes.js
FN:13,initializeUsers
FN:46,(anonymous_1)
FN:54,(anonymous_2)
FN:76,(anonymous_3)
FN:114,(anonymous_4)
FN:120,(anonymous_5)
FN:145,(anonymous_6)
FNF:7
FNH:6
FNDA:1,initializeUsers
FNDA:2,(anonymous_1)
FNDA:7,(anonymous_2)
FNDA:6,(anonymous_3)
FNDA:4,(anonymous_4)
FNDA:3,(anonymous_5)
FNDA:0,(anonymous_6)
DA:6,1
DA:7,1
DA:10,1
DA:14,1
DA:15,1
DA:16,1
DA:18,1
DA:37,1
DA:39,0
DA:44,1
DA:46,1
DA:47,2
DA:54,1
DA:55,7
DA:58,7
DA:59,1
DA:62,6
DA:63,1
DA:66,5
DA:67,1
DA:70,4
DA:71,1
DA:74,3
DA:76,6
DA:77,3
DA:78,1
DA:82,2
DA:83,2
DA:86,1
DA:95,1
DA:96,1
DA:98,1
DA:109,1
DA:110,1
DA:114,1
DA:115,4
DA:116,4
DA:117,1
DA:119,3
DA:120,3
DA:121,3
DA:123,3
DA:124,2
DA:126,1
DA:128,1
DA:139,1
DA:140,1
DA:145,1
DA:146,0
LF:49
LH:47
BRDA:55,0,0,6
BRDA:55,1,0,7
BRDA:55,1,1,0
BRDA:58,2,0,1
BRDA:58,2,1,6
BRDA:58,3,0,7
BRDA:58,3,1,6
BRDA:62,4,0,1
BRDA:62,4,1,5
BRDA:62,5,0,6
BRDA:62,5,1,6
BRDA:62,5,2,5
BRDA:66,6,0,1
BRDA:66,6,1,4
BRDA:66,7,0,5
BRDA:66,7,1,5
BRDA:70,8,0,1
BRDA:70,8,1,3
BRDA:70,9,0,4
BRDA:70,9,1,4
BRDA:77,10,0,1
BRDA:77,10,1,2
BRDA:91,11,0,1
BRDA:91,11,1,0
BRDA:92,12,0,1
BRDA:92,12,1,0
BRDA:115,13,0,4
BRDA:115,13,1,0
BRDA:116,14,0,1
BRDA:116,14,1,3
BRDA:116,15,0,4
BRDA:116,15,1,3
BRDA:121,16,0,0
BRDA:121,16,1,3
BRDA:124,17,0,1
BRDA:124,17,1,1
BRF:36
BRH:31
end_of_record
TN:
SF:routes/event.routes.js
FN:9,(anonymous_0)
FN:33,(anonymous_1)
FN:80,(anonymous_2)
FN:105,(anonymous_3)
FNF:4
FNH:3
FNDA:3,(anonymous_0)
FNDA:0,(anonymous_1)
FNDA:2,(anonymous_2)
FNDA:3,(anonymous_3)
DA:5,1
DA:9,1
DA:10,3
DA:11,3
DA:21,3
DA:23,3
DA:25,3
DA:26,1
DA:27,1
DA:30,2
DA:31,2
DA:33,0
DA:35,2
DA:38,2
DA:39,2
DA:40,2
DA:42,2
DA:62,1
DA:63,1
DA:65,1
DA:72,1
DA:73,1
DA:80,1
DA:81,2
DA:82,2
DA:97,1
DA:98,1
DA:100,1
DA:101,1
DA:105,1
DA:106,3
DA:107,3
DA:108,3
DA:110,2
DA:111,1
DA:114,1
DA:116,1
DA:117,1
LF:38
LH:37
BRDA:25,0,0,1
BRDA:25,0,1,2
BRDA:25,1,0,3
BRDA:25,1,1,2
BRDA:25,1,2,2
BRDA:25,1,3,2
BRDA:25,1,4,2
BRDA:30,2,0,2
BRDA:30,2,1,2
BRDA:31,3,0,2
BRDA:31,3,1,0
BRDA:110,4,0,1
BRDA:110,4,1,1
BRF:13
BRH:12
end_of_record
TN:
SF:routes/notifs.routes.js
FN:16,(anonymous_0)
FN:50,(anonymous_1)
FN:70,(anonymous_2)
FNF:3
FNH:3
FNDA:3,(anonymous_0)
FNDA:1,(anonymous_1)
FNDA:3,(anonymous_2)
DA:14,7
DA:16,7
DA:17,3
DA:18,3
DA:19,1
DA:22,2
DA:23,0
DA:25,2
DA:26,2
DA:50,7
DA:51,1
DA:52,1
DA:53,1
DA:55,0
DA:56,0
DA:70,7
DA:71,3
DA:72,3
DA:73,3
DA:75,3
DA:76,3
DA:77,2
DA:79,1
DA:81,0
DA:82,0
LF:25
LH:20
BRDA:18,0,0,1
BRDA:18,0,1,2
BRDA:73,1,0,0
BRDA:73,1,1,3
BRDA:76,2,0,1
BRDA:76,2,1,2
BRDA:77,3,0,1
BRDA:77,3,1,1
BRF:8
BRH:7
end_of_record
TN:
SF:routes/profile.routes.js
FN:42,(anonymous_0)
FN:45,(anonymous_1)
FN:53,(anonymous_2)
FN:65,(anonymous_3)
FN:96,(anonymous_4)
FN:100,(anonymous_5)
FN:113,(anonymous_6)
FN:117,(anonymous_7)
FN:130,(anonymous_8)
FN:133,(anonymous_9)
FNF:10
FNH:10
FNDA:1,(anonymous_0)
FNDA:2,(anonymous_1)
FNDA:3,(anonymous_2)
FNDA:2,(anonymous_3)
FNDA:3,(anonymous_4)
FNDA:4,(anonymous_5)
FNDA:3,(anonymous_6)
FNDA:4,(anonymous_7)
FNDA:3,(anonymous_8)
FNDA:6,(anonymous_9)
DA:4,1
DA:7,1
DA:42,1
DA:43,1
DA:44,1
DA:45,2
DA:46,1
DA:48,0
DA:49,0
DA:53,1
DA:54,3
DA:58,3
DA:60,3
DA:61,2
DA:64,1
DA:65,2
DA:66,1
DA:67,0
DA:71,1
DA:83,1
DA:91,0
DA:92,0
DA:96,1
DA:97,3
DA:98,3
DA:99,3
DA:100,4
DA:101,2
DA:102,1
DA:105,1
DA:106,1
DA:108,1
DA:109,1
DA:113,1
DA:114,3
DA:115,3
DA:116,3
DA:117,4
DA:118,2
DA:119,1
DA:122,1
DA:123,1
DA:125,1
DA:126,1
DA:130,1
DA:131,3
DA:132,3
DA:133,6
DA:134,3
DA:135,0
DA:138,3
DA:141,3
DA:142,0
DA:147,3
DA:148,0
DA:153,3
DA:154,3
DA:159,0
DA:160,0
LF:59
LH:49
BRDA:46,0,0,1
BRDA:46,0,1,0
BRDA:58,1,0,3
BRDA:58,1,1,0
BRDA:60,2,0,2
BRDA:60,2,1,1
BRDA:60,3,0,3
BRDA:60,3,1,2
BRDA:60,3,2,2
BRDA:60,3,3,2
BRDA:60,3,4,1
BRDA:60,3,5,1
BRDA:66,4,0,0
BRDA:66,4,1,1
BRDA:76,5,0,1
BRDA:76,5,1,1
BRDA:80,6,0,1
BRDA:80,6,1,0
BRDA:98,7,0,3
BRDA:98,7,1,0
BRDA:101,8,0,1
BRDA:101,8,1,1
BRDA:115,9,0,3
BRDA:115,9,1,0
BRDA:118,10,0,1
BRDA:118,10,1,1
BRDA:134,11,0,0
BRDA:134,11,1,3
BRDA:141,12,0,0
BRDA:141,12,1,3
BRDA:141,13,0,3
BRDA:141,13,1,3
BRDA:147,14,0,0
BRDA:147,14,1,3
BRDA:147,15,0,3
BRDA:147,15,1,3
BRF:36
BRH:27
end_of_record
TN:
SF:routes/volunteerDash.routes.js
FN:7,(anonymous_0)
FNF:1
FNH:1
FNDA:11,(anonymous_0)
DA:5,1
DA:7,1
DA:8,11
DA:9,11
DA:10,11
DA:12,11
DA:13,11
DA:14,11
DA:15,11
DA:16,11
DA:17,11
DA:18,11
DA:20,11
DA:22,11
DA:23,11
DA:26,9
DA:27,8
DA:30,2
DA:31,2
DA:35,11
DA:42,9
DA:44,9
DA:45,7
DA:46,7
DA:49,7
DA:71,6
DA:72,6
DA:73,6
DA:74,6
DA:78,8
DA:88,3
DA:89,3
LF:32
LH:32
BRDA:9,0,0,11
BRDA:9,0,1,1
BRDA:10,1,0,11
BRDA:10,1,1,1
BRDA:26,2,0,8
BRDA:26,2,1,1
BRDA:27,3,0,8
BRDA:27,3,1,1
BRDA:44,4,0,7
BRDA:44,4,1,2
BRDA:45,5,0,7
BRDA:45,5,1,1
BRDA:46,6,0,7
BRDA:46,6,1,1
BRDA:71,7,0,6
BRDA:71,7,1,1
BRDA:72,8,0,6
BRDA:72,8,1,1
BRDA:73,9,0,6
BRDA:73,9,1,1
BRDA:74,10,0,6
BRDA:74,10,1,1
BRF:22
BRH:22
end_of_record
TN:
SF:routes/volunteerHist.routes.js
FN:8,(anonymous_0)
FNF:1
FNH:1
FNDA:3,(anonymous_0)
DA:5,1
DA:8,1
DA:9,3
DA:10,3
DA:11,3
DA:24,3
DA:27,2
DA:28,1
DA:31,1
DA:33,1
DA:34,1
LF:11
LH:11
BRDA:27,0,0,1
BRDA:27,0,1,1
BRF:2
BRH:2
end_of_record
TN:
SF:routes/volunteer_history.routes.js
FN:8,(anonymous_0)
FN:15,(anonymous_1)
FN:16,(anonymous_2)
FN:40,(anonymous_3)
FN:59,(anonymous_4)
FN:60,(anonymous_5)
FN:84,(anonymous_6)
FNF:7
FNH:0
FNDA:0,(anonymous_0)
FNDA:0,(anonymous_1)
FNDA:0,(anonymous_2)
FNDA:0,(anonymous_3)
FNDA:0,(anonymous_4)
FNDA:0,(anonymous_5)
FNDA:0,(anonymous_6)
DA:5,0
DA:8,0
DA:9,0
DA:10,0
DA:11,0
DA:14,0
DA:15,0
DA:16,0
DA:19,0
DA:21,0
DA:29,0
DA:34,0
DA:35,0
DA:40,0
DA:41,0
DA:42,0
DA:44,0
DA:45,0
DA:48,0
DA:49,0
DA:51,0
DA:52,0
DA:55,0
DA:58,0
DA:59,0
DA:60,0
DA:63,0
DA:65,0
DA:73,0
DA:78,0
DA:79,0
DA:84,0
DA:85,0
DA:86,0
DA:88,0
DA:89,0
DA:94,0
DA:124,0
DA:126,0
DA:127,0
LF:40
LH:0
BRDA:16,0,0,0
BRDA:16,0,1,0
BRDA:26,1,0,0
BRDA:26,1,1,0
BRDA:44,2,0,0
BRDA:44,2,1,0
BRDA:51,3,0,0
BRDA:51,3,1,0
BRDA:60,4,0,0
BRDA:60,4,1,0
BRDA:70,5,0,0
BRDA:70,5,1,0
BRDA:88,6,0,0
BRDA:88,6,1,0
BRF:14
BRH:0
end_of_record
TN:
SF:routes/volunteer_matching.routes.js
FN:15,(anonymous_0)
FN:33,(anonymous_1)
FN:51,(anonymous_2)
FN:68,(anonymous_3)
FN:100,(anonymous_4)
FN:128,(anonymous_5)
FNF:6
FNH:0
FNDA:0,(anonymous_0)
FNDA:0,(anonymous_1)
FNDA:0,(anonymous_2)
FNDA:0,(anonymous_3)
FNDA:0,(anonymous_4)
FNDA:0,(anonymous_5)
DA:12,0
DA:15,0
DA:16,0
DA:17,0
DA:18,0
DA:20,0
DA:21,0
DA:24,0
DA:25,0
DA:27,0
DA:28,0
DA:33,0
DA:34,0
DA:35,0
DA:36,0
DA:38,0
DA:39,0
DA:42,0
DA:43,0
DA:45,0
DA:46,0
DA:51,0
DA:52,0
DA:53,0
DA:55,0
DA:56,0
DA:59,0
DA:60,0
DA:62,0
DA:63,0
DA:68,0
DA:69,0
DA:70,0
DA:72,0
DA:73,0
DA:76,0
DA:79,0
DA:80,0
DA:83,0
DA:84,0
DA:87,0
DA:88,0
DA:91,0
DA:92,0
DA:94,0
DA:95,0
DA:100,0
DA:101,0
DA:102,0
DA:103,0
DA:105,0
DA:106,0
DA:107,0
DA:110,0
DA:111,0
DA:114,0
DA:115,0
DA:116,0
DA:119,0
DA:120,0
DA:122,0
DA:123,0
DA:128,0
DA:129,0
DA:130,0
DA:131,0
DA:133,0
DA:134,0
DA:137,0
DA:138,0
DA:140,0
DA:141,0
LF:72
LH:0
BRDA:20,0,0,0
BRDA:20,0,1,0
BRDA:38,1,0,0
BRDA:38,1,1,0
BRDA:55,2,0,0
BRDA:55,2,1,0
BRDA:72,3,0,0
BRDA:72,3,1,0
BRDA:79,4,0,0
BRDA:79,4,1,0
BRDA:79,5,0,0
BRDA:79,5,1,0
BRDA:83,6,0,0
BRDA:83,6,1,0
BRDA:83,7,0,0
BRDA:83,7,1,0
BRDA:87,8,0,0
BRDA:87,8,1,0
BRDA:87,9,0,0
BRDA:87,9,1,0
BRDA:91,10,0,0
BRDA:91,10,1,0
BRDA:95,11,0,0
BRDA:95,11,1,0
BRDA:106,12,0,0
BRDA:106,12,1,0
BRDA:110,13,0,0
BRDA:110,13,1,0
BRDA:110,14,0,0
BRDA:110,14,1,0
BRDA:115,15,0,0
BRDA:115,15,1,0
BRDA:123,16,0,0
BRDA:123,16,1,0
BRDA:133,17,0,0
BRDA:133,17,1,0
BRF:36
BRH:0
end_of_record
