TN:
SF:routes/allevents.routes.js
FN:6,(anonymous_0)
FNF:1
FNH:1
FNDA:2,(anonymous_0)
DA:4,6
DA:6,6
DA:7,2
DA:8,2
DA:9,1
DA:11,1
DA:12,1
LF:7
LH:7
BRF:0
BRH:0
end_of_record
TN:
SF:routes/auth.routes.js
FN:13,initializeUsers
FN:46,(anonymous_1)
FN:54,(anonymous_2)
FN:76,(anonymous_3)
FN:114,(anonymous_4)
FN:120,(anonymous_5)
FN:145,(anonymous_6)
FNF:7
FNH:6
FNDA:7,initializeUsers
FNDA:2,(anonymous_1)
FNDA:7,(anonymous_2)
FNDA:6,(anonymous_3)
FNDA:4,(anonymous_4)
FNDA:3,(anonymous_5)
FNDA:0,(anonymous_6)
DA:6,7
DA:7,7
DA:10,7
DA:14,7
DA:15,7
DA:16,2
DA:18,1
DA:37,1
DA:39,0
DA:44,7
DA:46,7
DA:47,2
DA:54,7
DA:55,7
DA:58,7
DA:59,1
DA:62,6
DA:63,1
DA:66,5
DA:67,1
DA:70,4
DA:71,1
DA:74,3
DA:76,6
DA:77,3
DA:78,1
DA:82,2
DA:83,2
DA:86,1
DA:95,1
DA:96,1
DA:98,1
DA:109,1
DA:110,1
DA:114,7
DA:115,4
DA:116,4
DA:117,1
DA:119,3
DA:120,3
DA:121,3
DA:123,3
DA:124,2
DA:126,1
DA:128,1
DA:139,1
DA:140,1
DA:145,7
DA:146,0
LF:49
LH:47
BRDA:55,0,0,6
BRDA:55,1,0,7
BRDA:55,1,1,0
BRDA:58,2,0,1
BRDA:58,2,1,6
BRDA:58,3,0,7
BRDA:58,3,1,6
BRDA:62,4,0,1
BRDA:62,4,1,5
BRDA:62,5,0,6
BRDA:62,5,1,6
BRDA:62,5,2,5
BRDA:66,6,0,1
BRDA:66,6,1,4
BRDA:66,7,0,5
BRDA:66,7,1,5
BRDA:70,8,0,1
BRDA:70,8,1,3
BRDA:70,9,0,4
BRDA:70,9,1,4
BRDA:77,10,0,1
BRDA:77,10,1,2
BRDA:91,11,0,1
BRDA:91,11,1,0
BRDA:92,12,0,1
BRDA:92,12,1,0
BRDA:115,13,0,4
BRDA:115,13,1,0
BRDA:116,14,0,1
BRDA:116,14,1,3
BRDA:116,15,0,4
BRDA:116,15,1,3
BRDA:121,16,0,0
BRDA:121,16,1,3
BRDA:124,17,0,1
BRDA:124,17,1,1
BRF:36
BRH:31
end_of_record
TN:
SF:routes/event.routes.js
FN:6,(anonymous_0)
FN:30,(anonymous_1)
FN:35,(anonymous_2)
FN:39,(anonymous_3)
FN:61,(anonymous_4)
FN:63,(anonymous_5)
FNF:6
FNH:6
FNDA:4,(anonymous_0)
FNDA:1,(anonymous_1)
FNDA:1,(anonymous_2)
FNDA:2,(anonymous_3)
FNDA:1,(anonymous_4)
FNDA:2,(anonymous_5)
DA:3,6
DA:5,6
DA:6,6
DA:7,4
DA:9,4
DA:10,1
DA:13,3
DA:25,3
DA:26,3
DA:30,6
DA:31,1
DA:35,6
DA:36,1
DA:37,1
DA:39,2
DA:40,1
DA:41,0
DA:45,1
DA:57,1
DA:61,6
DA:62,1
DA:63,2
DA:64,1
DA:65,0
DA:67,1
DA:68,1
LF:26
LH:24
BRDA:9,0,0,1
BRDA:9,0,1,3
BRDA:9,1,0,4
BRDA:9,1,1,4
BRDA:9,1,2,3
BRDA:9,1,3,3
BRDA:9,1,4,3
BRDA:9,1,5,3
BRDA:9,1,6,3
BRDA:9,1,7,3
BRDA:40,2,0,0
BRDA:40,2,1,1
BRDA:64,3,0,0
BRDA:64,3,1,1
BRF:14
BRH:12
end_of_record
TN:
SF:routes/notifs.routes.js
FN:17,(anonymous_0)
FN:34,(anonymous_1)
FN:46,(anonymous_2)
FN:58,(anonymous_3)
FN:101,(anonymous_4)
FN:130,(anonymous_5)
FN:142,(anonymous_6)
FN:171,(anonymous_7)
FNF:8
FNH:0
FNDA:0,(anonymous_0)
FNDA:0,(anonymous_1)
FNDA:0,(anonymous_2)
FNDA:0,(anonymous_3)
FNDA:0,(anonymous_4)
FNDA:0,(anonymous_5)
FNDA:0,(anonymous_6)
FNDA:0,(anonymous_7)
DA:14,6
DA:17,6
DA:18,0
DA:19,0
DA:21,0
DA:22,0
DA:25,0
DA:26,0
DA:28,0
DA:29,0
DA:34,6
DA:35,0
DA:36,0
DA:37,0
DA:38,0
DA:40,0
DA:41,0
DA:46,6
DA:47,0
DA:48,0
DA:49,0
DA:50,0
DA:52,0
DA:53,0
DA:58,6
DA:59,0
DA:60,0
DA:62,0
DA:63,0
DA:66,0
DA:69,0
DA:70,0
DA:73,0
DA:74,0
DA:77,0
DA:78,0
DA:81,0
DA:82,0
DA:85,0
DA:93,0
DA:95,0
DA:96,0
DA:101,6
DA:102,0
DA:103,0
DA:104,0
DA:106,0
DA:107,0
DA:108,0
DA:111,0
DA:113,0
DA:114,0
DA:118,0
DA:119,0
DA:122,0
DA:124,0
DA:125,0
DA:130,6
DA:131,0
DA:132,0
DA:133,0
DA:134,0
DA:136,0
DA:137,0
DA:142,6
DA:143,0
DA:144,0
DA:145,0
DA:147,0
DA:148,0
DA:149,0
DA:152,0
DA:154,0
DA:155,0
DA:159,0
DA:160,0
DA:163,0
DA:165,0
DA:166,0
DA:171,6
DA:172,0
DA:173,0
DA:174,0
DA:175,0
DA:177,0
DA:178,0
LF:86
LH:9
BRDA:21,0,0,0
BRDA:21,0,1,0
BRDA:62,1,0,0
BRDA:62,1,1,0
BRDA:69,2,0,0
BRDA:69,2,1,0
BRDA:69,3,0,0
BRDA:69,3,1,0
BRDA:73,4,0,0
BRDA:73,4,1,0
BRDA:73,5,0,0
BRDA:73,5,1,0
BRDA:77,6,0,0
BRDA:77,6,1,0
BRDA:77,7,0,0
BRDA:77,7,1,0
BRDA:81,8,0,0
BRDA:81,8,1,0
BRDA:88,9,0,0
BRDA:88,9,1,0
BRDA:89,10,0,0
BRDA:89,10,1,0
BRDA:90,11,0,0
BRDA:90,11,1,0
BRDA:96,12,0,0
BRDA:96,12,1,0
BRDA:107,13,0,0
BRDA:107,13,1,0
BRDA:113,14,0,0
BRDA:113,14,1,0
BRDA:118,15,0,0
BRDA:118,15,1,0
BRDA:148,16,0,0
BRDA:148,16,1,0
BRDA:154,17,0,0
BRDA:154,17,1,0
BRDA:159,18,0,0
BRDA:159,18,1,0
BRF:38
BRH:0
end_of_record
TN:
SF:routes/profile.routes.js
FN:42,(anonymous_0)
FN:45,(anonymous_1)
FN:53,(anonymous_2)
FN:65,(anonymous_3)
FN:96,(anonymous_4)
FN:100,(anonymous_5)
FN:113,(anonymous_6)
FN:117,(anonymous_7)
FN:130,(anonymous_8)
FN:133,(anonymous_9)
FNF:10
FNH:10
FNDA:1,(anonymous_0)
FNDA:2,(anonymous_1)
FNDA:3,(anonymous_2)
FNDA:2,(anonymous_3)
FNDA:3,(anonymous_4)
FNDA:4,(anonymous_5)
FNDA:3,(anonymous_6)
FNDA:4,(anonymous_7)
FNDA:3,(anonymous_8)
FNDA:6,(anonymous_9)
DA:4,7
DA:7,7
DA:42,7
DA:43,1
DA:44,1
DA:45,2
DA:46,1
DA:48,0
DA:49,0
DA:53,7
DA:54,3
DA:58,3
DA:60,3
DA:61,2
DA:64,1
DA:65,2
DA:66,1
DA:67,0
DA:71,1
DA:83,1
DA:91,0
DA:92,0
DA:96,7
DA:97,3
DA:98,3
DA:99,3
DA:100,4
DA:101,2
DA:102,1
DA:105,1
DA:106,1
DA:108,1
DA:109,1
DA:113,7
DA:114,3
DA:115,3
DA:116,3
DA:117,4
DA:118,2
DA:119,1
DA:122,1
DA:123,1
DA:125,1
DA:126,1
DA:130,7
DA:131,3
DA:132,3
DA:133,6
DA:134,3
DA:135,0
DA:138,3
DA:141,3
DA:142,0
DA:147,3
DA:148,0
DA:153,3
DA:154,3
DA:159,0
DA:160,0
LF:59
LH:49
BRDA:46,0,0,1
BRDA:46,0,1,0
BRDA:58,1,0,3
BRDA:58,1,1,0
BRDA:60,2,0,2
BRDA:60,2,1,1
BRDA:60,3,0,3
BRDA:60,3,1,2
BRDA:60,3,2,2
BRDA:60,3,3,2
BRDA:60,3,4,1
BRDA:60,3,5,1
BRDA:66,4,0,0
BRDA:66,4,1,1
BRDA:76,5,0,1
BRDA:76,5,1,1
BRDA:80,6,0,1
BRDA:80,6,1,0
BRDA:98,7,0,3
BRDA:98,7,1,0
BRDA:101,8,0,1
BRDA:101,8,1,1
BRDA:115,9,0,3
BRDA:115,9,1,0
BRDA:118,10,0,1
BRDA:118,10,1,1
BRDA:134,11,0,0
BRDA:134,11,1,3
BRDA:141,12,0,0
BRDA:141,12,1,3
BRDA:141,13,0,3
BRDA:141,13,1,3
BRDA:147,14,0,0
BRDA:147,14,1,3
BRDA:147,15,0,3
BRDA:147,15,1,3
BRF:36
BRH:27
end_of_record
TN:
SF:routes/volunteerHist.routes.js
FN:7,(anonymous_0)
FNF:1
FNH:1
FNDA:3,(anonymous_0)
DA:4,6
DA:7,6
DA:8,3
DA:10,3
DA:11,3
DA:24,3
DA:25,3
DA:28,2
DA:29,1
DA:32,1
DA:34,1
DA:35,1
LF:12
LH:12
BRDA:20,0,0,2
BRDA:20,0,1,1
BRDA:24,1,0,2
BRDA:24,1,1,1
BRDA:28,2,0,1
BRDA:28,2,1,1
BRF:6
BRH:6
end_of_record
TN:
SF:routes/volunteer_history.routes.js
FN:8,(anonymous_0)
FN:15,(anonymous_1)
FN:16,(anonymous_2)
FN:40,(anonymous_3)
FN:59,(anonymous_4)
FN:60,(anonymous_5)
FN:84,(anonymous_6)
FNF:7
FNH:0
FNDA:0,(anonymous_0)
FNDA:0,(anonymous_1)
FNDA:0,(anonymous_2)
FNDA:0,(anonymous_3)
FNDA:0,(anonymous_4)
FNDA:0,(anonymous_5)
FNDA:0,(anonymous_6)
DA:5,6
DA:8,6
DA:9,0
DA:10,0
DA:11,0
DA:14,0
DA:15,0
DA:16,0
DA:19,0
DA:21,0
DA:29,0
DA:34,0
DA:35,0
DA:40,6
DA:41,0
DA:42,0
DA:44,0
DA:45,0
DA:48,0
DA:49,0
DA:51,0
DA:52,0
DA:55,0
DA:58,0
DA:59,0
DA:60,0
DA:63,0
DA:65,0
DA:73,0
DA:78,0
DA:79,0
DA:84,6
DA:85,0
DA:86,0
DA:88,0
DA:89,0
DA:94,0
DA:124,0
DA:126,0
DA:127,0
LF:40
LH:4
BRDA:16,0,0,0
BRDA:16,0,1,0
BRDA:26,1,0,0
BRDA:26,1,1,0
BRDA:44,2,0,0
BRDA:44,2,1,0
BRDA:51,3,0,0
BRDA:51,3,1,0
BRDA:60,4,0,0
BRDA:60,4,1,0
BRDA:70,5,0,0
BRDA:70,5,1,0
BRDA:88,6,0,0
BRDA:88,6,1,0
BRF:14
BRH:0
end_of_record
TN:
SF:routes/volunteer_matching.routes.js
FN:15,(anonymous_0)
FN:33,(anonymous_1)
FN:51,(anonymous_2)
FN:68,(anonymous_3)
FN:100,(anonymous_4)
FN:128,(anonymous_5)
FNF:6
FNH:0
FNDA:0,(anonymous_0)
FNDA:0,(anonymous_1)
FNDA:0,(anonymous_2)
FNDA:0,(anonymous_3)
FNDA:0,(anonymous_4)
FNDA:0,(anonymous_5)
DA:12,6
DA:15,6
DA:16,0
DA:17,0
DA:18,0
DA:20,0
DA:21,0
DA:24,0
DA:25,0
DA:27,0
DA:28,0
DA:33,6
DA:34,0
DA:35,0
DA:36,0
DA:38,0
DA:39,0
DA:42,0
DA:43,0
DA:45,0
DA:46,0
DA:51,6
DA:52,0
DA:53,0
DA:55,0
DA:56,0
DA:59,0
DA:60,0
DA:62,0
DA:63,0
DA:68,6
DA:69,0
DA:70,0
DA:72,0
DA:73,0
DA:76,0
DA:79,0
DA:80,0
DA:83,0
DA:84,0
DA:87,0
DA:88,0
DA:91,0
DA:92,0
DA:94,0
DA:95,0
DA:100,6
DA:101,0
DA:102,0
DA:103,0
DA:105,0
DA:106,0
DA:107,0
DA:110,0
DA:111,0
DA:114,0
DA:115,0
DA:116,0
DA:119,0
DA:120,0
DA:122,0
DA:123,0
DA:128,6
DA:129,0
DA:130,0
DA:131,0
DA:133,0
DA:134,0
DA:137,0
DA:138,0
DA:140,0
DA:141,0
LF:72
LH:7
BRDA:20,0,0,0
BRDA:20,0,1,0
BRDA:38,1,0,0
BRDA:38,1,1,0
BRDA:55,2,0,0
BRDA:55,2,1,0
BRDA:72,3,0,0
BRDA:72,3,1,0
BRDA:79,4,0,0
BRDA:79,4,1,0
BRDA:79,5,0,0
BRDA:79,5,1,0
BRDA:83,6,0,0
BRDA:83,6,1,0
BRDA:83,7,0,0
BRDA:83,7,1,0
BRDA:87,8,0,0
BRDA:87,8,1,0
BRDA:87,9,0,0
BRDA:87,9,1,0
BRDA:91,10,0,0
BRDA:91,10,1,0
BRDA:95,11,0,0
BRDA:95,11,1,0
BRDA:106,12,0,0
BRDA:106,12,1,0
BRDA:110,13,0,0
BRDA:110,13,1,0
BRDA:110,14,0,0
BRDA:110,14,1,0
BRDA:115,15,0,0
BRDA:115,15,1,0
BRDA:123,16,0,0
BRDA:123,16,1,0
BRDA:133,17,0,0
BRDA:133,17,1,0
BRF:36
BRH:0
end_of_record
